[debug] [2025-05-05T07:31:59.067Z] ----------------------------------------------------------------------
[debug] [2025-05-05T07:31:59.069Z] Command:       /Users/ayushnanda/.nvm/versions/node/v22.12.0/bin/node /Users/ayushnanda/.nvm/versions/node/v22.12.0/bin/firebase deploy --only functions
[debug] [2025-05-05T07:31:59.069Z] CLI Version:   14.2.1
[debug] [2025-05-05T07:31:59.069Z] Platform:      darwin
[debug] [2025-05-05T07:31:59.069Z] Node Version:  v22.12.0
[debug] [2025-05-05T07:31:59.069Z] Time:          Mon May 05 2025 13:01:59 GMT+0530 (India Standard Time)
[debug] [2025-05-05T07:31:59.069Z] ----------------------------------------------------------------------
[debug] 
[debug] [2025-05-05T07:31:59.182Z] > command requires scopes: ["email","openid","https://www.googleapis.com/auth/cloudplatformprojects.readonly","https://www.googleapis.com/auth/firebase","https://www.googleapis.com/auth/cloud-platform"]
[debug] [2025-05-05T07:31:59.182Z] > authorizing via signed-in user (valluvarvaasal@gmail.com)
[debug] [2025-05-05T07:31:59.182Z] [iam] checking project valluvar-vaasal-app for permissions ["cloudfunctions.functions.create","cloudfunctions.functions.delete","cloudfunctions.functions.get","cloudfunctions.functions.list","cloudfunctions.functions.update","cloudfunctions.operations.get","firebase.projects.get"]
[debug] [2025-05-05T07:31:59.182Z] Checked if tokens are valid: true, expires at: 1746433855973
[debug] [2025-05-05T07:31:59.183Z] Checked if tokens are valid: true, expires at: 1746433855973
[debug] [2025-05-05T07:31:59.183Z] >>> [apiv2][query] POST https://cloudresourcemanager.googleapis.com/v1/projects/valluvar-vaasal-app:testIamPermissions [none]
[debug] [2025-05-05T07:31:59.183Z] >>> [apiv2][(partial)header] POST https://cloudresourcemanager.googleapis.com/v1/projects/valluvar-vaasal-app:testIamPermissions x-goog-quota-user=projects/valluvar-vaasal-app
[debug] [2025-05-05T07:31:59.183Z] >>> [apiv2][body] POST https://cloudresourcemanager.googleapis.com/v1/projects/valluvar-vaasal-app:testIamPermissions {"permissions":["cloudfunctions.functions.create","cloudfunctions.functions.delete","cloudfunctions.functions.get","cloudfunctions.functions.list","cloudfunctions.functions.update","cloudfunctions.operations.get","firebase.projects.get"]}
[debug] [2025-05-05T07:32:00.897Z] <<< [apiv2][status] POST https://cloudresourcemanager.googleapis.com/v1/projects/valluvar-vaasal-app:testIamPermissions 200
[debug] [2025-05-05T07:32:00.897Z] <<< [apiv2][body] POST https://cloudresourcemanager.googleapis.com/v1/projects/valluvar-vaasal-app:testIamPermissions {"permissions":["cloudfunctions.functions.create","cloudfunctions.functions.delete","cloudfunctions.functions.get","cloudfunctions.functions.list","cloudfunctions.functions.update","cloudfunctions.operations.get","firebase.projects.get"]}
[debug] [2025-05-05T07:32:00.897Z] Checked if tokens are valid: true, expires at: 1746433855973
[debug] [2025-05-05T07:32:00.897Z] Checked if tokens are valid: true, expires at: 1746433855973
[debug] [2025-05-05T07:32:00.897Z] >>> [apiv2][query] POST https://iam.googleapis.com/v1/projects/valluvar-vaasal-app/serviceAccounts/valluvar-vaasal-app@appspot.gserviceaccount.com:testIamPermissions [none]
[debug] [2025-05-05T07:32:00.897Z] >>> [apiv2][body] POST https://iam.googleapis.com/v1/projects/valluvar-vaasal-app/serviceAccounts/valluvar-vaasal-app@appspot.gserviceaccount.com:testIamPermissions {"permissions":["iam.serviceAccounts.actAs"]}
[debug] [2025-05-05T07:32:03.057Z] <<< [apiv2][status] POST https://iam.googleapis.com/v1/projects/valluvar-vaasal-app/serviceAccounts/valluvar-vaasal-app@appspot.gserviceaccount.com:testIamPermissions 200
[debug] [2025-05-05T07:32:03.057Z] <<< [apiv2][body] POST https://iam.googleapis.com/v1/projects/valluvar-vaasal-app/serviceAccounts/valluvar-vaasal-app@appspot.gserviceaccount.com:testIamPermissions {"permissions":["iam.serviceAccounts.actAs"]}
[info] 
[info] === Deploying to 'valluvar-vaasal-app'...
[info] 
[info] i  deploying functions 
[debug] [2025-05-05T07:32:03.059Z] Checked if tokens are valid: true, expires at: 1746433855973
[debug] [2025-05-05T07:32:03.059Z] Checked if tokens are valid: true, expires at: 1746433855973
[debug] [2025-05-05T07:32:03.059Z] >>> [apiv2][query] GET https://cloudresourcemanager.googleapis.com/v1/projects/valluvar-vaasal-app [none]
[debug] [2025-05-05T07:32:03.691Z] <<< [apiv2][status] GET https://cloudresourcemanager.googleapis.com/v1/projects/valluvar-vaasal-app 200
[debug] [2025-05-05T07:32:03.691Z] <<< [apiv2][body] GET https://cloudresourcemanager.googleapis.com/v1/projects/valluvar-vaasal-app {"projectNumber":"903798539312","projectId":"valluvar-vaasal-app","lifecycleState":"ACTIVE","name":"valluvar-vaasal","labels":{"firebase":"enabled","firebase-core":"disabled"},"createTime":"2025-04-02T21:19:21.688594Z"}
[info] i  functions: preparing codebase default for deployment 
[info] i  functions: ensuring required API cloudfunctions.googleapis.com is enabled... 
[debug] [2025-05-05T07:32:03.692Z] Checked if tokens are valid: true, expires at: 1746433855973
[debug] [2025-05-05T07:32:03.692Z] Checked if tokens are valid: true, expires at: 1746433855973
[debug] [2025-05-05T07:32:03.692Z] Checked if tokens are valid: true, expires at: 1746433855973
[debug] [2025-05-05T07:32:03.692Z] Checked if tokens are valid: true, expires at: 1746433855973
[info] i  functions: ensuring required API cloudbuild.googleapis.com is enabled... 
[debug] [2025-05-05T07:32:03.692Z] Checked if tokens are valid: true, expires at: 1746433855973
[debug] [2025-05-05T07:32:03.692Z] Checked if tokens are valid: true, expires at: 1746433855973
[info] i  artifactregistry: ensuring required API artifactregistry.googleapis.com is enabled... 
[debug] [2025-05-05T07:32:03.692Z] Checked if tokens are valid: true, expires at: 1746433855973
[debug] [2025-05-05T07:32:03.692Z] Checked if tokens are valid: true, expires at: 1746433855973
[debug] [2025-05-05T07:32:03.693Z] >>> [apiv2][query] GET https://serviceusage.googleapis.com/v1/projects/valluvar-vaasal-app/services/cloudfunctions.googleapis.com [none]
[debug] [2025-05-05T07:32:03.693Z] >>> [apiv2][(partial)header] GET https://serviceusage.googleapis.com/v1/projects/valluvar-vaasal-app/services/cloudfunctions.googleapis.com x-goog-quota-user=projects/valluvar-vaasal-app
[debug] [2025-05-05T07:32:03.693Z] >>> [apiv2][query] GET https://serviceusage.googleapis.com/v1/projects/valluvar-vaasal-app/services/runtimeconfig.googleapis.com [none]
[debug] [2025-05-05T07:32:03.694Z] >>> [apiv2][(partial)header] GET https://serviceusage.googleapis.com/v1/projects/valluvar-vaasal-app/services/runtimeconfig.googleapis.com x-goog-quota-user=projects/valluvar-vaasal-app
[debug] [2025-05-05T07:32:03.694Z] >>> [apiv2][query] GET https://serviceusage.googleapis.com/v1/projects/valluvar-vaasal-app/services/cloudbuild.googleapis.com [none]
[debug] [2025-05-05T07:32:03.694Z] >>> [apiv2][(partial)header] GET https://serviceusage.googleapis.com/v1/projects/valluvar-vaasal-app/services/cloudbuild.googleapis.com x-goog-quota-user=projects/valluvar-vaasal-app
[debug] [2025-05-05T07:32:03.694Z] >>> [apiv2][query] GET https://serviceusage.googleapis.com/v1/projects/valluvar-vaasal-app/services/artifactregistry.googleapis.com [none]
[debug] [2025-05-05T07:32:03.694Z] >>> [apiv2][(partial)header] GET https://serviceusage.googleapis.com/v1/projects/valluvar-vaasal-app/services/artifactregistry.googleapis.com x-goog-quota-user=projects/valluvar-vaasal-app
[debug] [2025-05-05T07:32:06.164Z] <<< [apiv2][status] GET https://serviceusage.googleapis.com/v1/projects/valluvar-vaasal-app/services/runtimeconfig.googleapis.com 200
[debug] [2025-05-05T07:32:06.164Z] <<< [apiv2][body] GET https://serviceusage.googleapis.com/v1/projects/valluvar-vaasal-app/services/runtimeconfig.googleapis.com [omitted]
[debug] [2025-05-05T07:32:06.169Z] <<< [apiv2][status] GET https://serviceusage.googleapis.com/v1/projects/valluvar-vaasal-app/services/cloudfunctions.googleapis.com 200
[debug] [2025-05-05T07:32:06.169Z] <<< [apiv2][body] GET https://serviceusage.googleapis.com/v1/projects/valluvar-vaasal-app/services/cloudfunctions.googleapis.com [omitted]
[info] ✔  functions: required API cloudfunctions.googleapis.com is enabled 
[debug] [2025-05-05T07:32:06.257Z] <<< [apiv2][status] GET https://serviceusage.googleapis.com/v1/projects/valluvar-vaasal-app/services/cloudbuild.googleapis.com 200
[debug] [2025-05-05T07:32:06.257Z] <<< [apiv2][body] GET https://serviceusage.googleapis.com/v1/projects/valluvar-vaasal-app/services/cloudbuild.googleapis.com [omitted]
[info] ✔  functions: required API cloudbuild.googleapis.com is enabled 
[debug] [2025-05-05T07:32:06.318Z] <<< [apiv2][status] GET https://serviceusage.googleapis.com/v1/projects/valluvar-vaasal-app/services/artifactregistry.googleapis.com 200
[debug] [2025-05-05T07:32:06.318Z] <<< [apiv2][body] GET https://serviceusage.googleapis.com/v1/projects/valluvar-vaasal-app/services/artifactregistry.googleapis.com [omitted]
[info] ✔  artifactregistry: required API artifactregistry.googleapis.com is enabled 
[debug] [2025-05-05T07:32:06.318Z] Checked if tokens are valid: true, expires at: 1746433855973
[debug] [2025-05-05T07:32:06.318Z] Checked if tokens are valid: true, expires at: 1746433855973
[debug] [2025-05-05T07:32:06.318Z] >>> [apiv2][query] GET https://firebase.googleapis.com/v1beta1/projects/valluvar-vaasal-app/adminSdkConfig [none]
[debug] [2025-05-05T07:32:07.010Z] <<< [apiv2][status] GET https://firebase.googleapis.com/v1beta1/projects/valluvar-vaasal-app/adminSdkConfig 200
[debug] [2025-05-05T07:32:07.011Z] <<< [apiv2][body] GET https://firebase.googleapis.com/v1beta1/projects/valluvar-vaasal-app/adminSdkConfig {"projectId":"valluvar-vaasal-app","storageBucket":"valluvar-vaasal-app.firebasestorage.app"}
[debug] [2025-05-05T07:32:07.011Z] Checked if tokens are valid: true, expires at: 1746433855973
[debug] [2025-05-05T07:32:07.011Z] Checked if tokens are valid: true, expires at: 1746433855973
[debug] [2025-05-05T07:32:07.011Z] >>> [apiv2][query] GET https://runtimeconfig.googleapis.com/v1beta1/projects/valluvar-vaasal-app/configs [none]
[debug] [2025-05-05T07:32:08.328Z] <<< [apiv2][status] GET https://runtimeconfig.googleapis.com/v1beta1/projects/valluvar-vaasal-app/configs 200
[debug] [2025-05-05T07:32:08.328Z] <<< [apiv2][body] GET https://runtimeconfig.googleapis.com/v1beta1/projects/valluvar-vaasal-app/configs {"configs":[{"name":"projects/valluvar-vaasal-app/configs/razorpay"}]}
[debug] [2025-05-05T07:32:08.328Z] Checked if tokens are valid: true, expires at: 1746433855973
[debug] [2025-05-05T07:32:08.328Z] Checked if tokens are valid: true, expires at: 1746433855973
[debug] [2025-05-05T07:32:08.329Z] >>> [apiv2][query] GET https://runtimeconfig.googleapis.com/v1beta1/projects/valluvar-vaasal-app/configs/razorpay/variables [none]
[debug] [2025-05-05T07:32:08.871Z] <<< [apiv2][status] GET https://runtimeconfig.googleapis.com/v1beta1/projects/valluvar-vaasal-app/configs/razorpay/variables 200
[debug] [2025-05-05T07:32:08.871Z] <<< [apiv2][body] GET https://runtimeconfig.googleapis.com/v1beta1/projects/valluvar-vaasal-app/configs/razorpay/variables {"variables":[{"name":"projects/valluvar-vaasal-app/configs/razorpay/variables/key_secret","updateTime":"2025-05-05T07:31:03.991997939Z"}]}
[debug] [2025-05-05T07:32:08.871Z] Checked if tokens are valid: true, expires at: 1746433855973
[debug] [2025-05-05T07:32:08.871Z] Checked if tokens are valid: true, expires at: 1746433855973
[debug] [2025-05-05T07:32:08.871Z] >>> [apiv2][query] GET https://runtimeconfig.googleapis.com/v1beta1/projects/valluvar-vaasal-app/configs/razorpay/variables/key_secret [none]
[debug] [2025-05-05T07:32:10.029Z] <<< [apiv2][status] GET https://runtimeconfig.googleapis.com/v1beta1/projects/valluvar-vaasal-app/configs/razorpay/variables/key_secret 200
[debug] [2025-05-05T07:32:10.029Z] <<< [apiv2][body] GET https://runtimeconfig.googleapis.com/v1beta1/projects/valluvar-vaasal-app/configs/razorpay/variables/key_secret {"name":"projects/valluvar-vaasal-app/configs/razorpay/variables/key_secret","updateTime":"2025-05-05T07:31:03.991997939Z","text":"z4U6108r9spo9AgRsVQGRNZG"}
[debug] [2025-05-05T07:32:10.030Z] Validating nodejs source
[debug] [2025-05-05T07:32:10.839Z] > [functions] package.json contents: {
  "name": "functions",
  "description": "Cloud Functions for Firebase",
  "scripts": {
    "lint": "eslint .",
    "serve": "firebase emulators:start --only functions",
    "shell": "firebase functions:shell",
    "start": "npm run shell",
    "deploy": "firebase deploy --only functions",
    "logs": "firebase functions:log"
  },
  "engines": {
    "node": "22"
  },
  "main": "index.js",
  "dependencies": {
    "cors": "^2.8.5",
    "firebase-admin": "^12.5.0",
    "firebase-functions": "^6.3.2",
    "razorpay": "^2.9.6"
  },
  "devDependencies": {
    "eslint": "^8.15.0",
    "eslint-config-google": "^0.14.0",
    "firebase-functions-test": "^3.1.0",
    "firebase-tools": "^14.2.2"
  },
  "private": true
}
[debug] [2025-05-05T07:32:10.839Z] Building nodejs source
[info] i  functions: Loading and analyzing source code for codebase default to determine what to deploy 
[debug] [2025-05-05T07:32:10.839Z] Could not find functions.yaml. Must use http discovery
[debug] [2025-05-05T07:32:10.846Z] Found firebase-functions binary at '/Users/ayushnanda/Documents/projects/valluvar-vaasal/functions/node_modules/.bin/firebase-functions'
[info] Serving at port 8739

[debug] [2025-05-05T07:32:11.283Z] Got response from /__/functions.yaml {"endpoints":{"checkPhone":{"availableMemoryMb":null,"timeoutSeconds":30,"minInstances":null,"maxInstances":null,"ingressSettings":null,"concurrency":null,"serviceAccountEmail":null,"vpc":null,"platform":"gcfv2","region":["us-central1"],"labels":{},"callableTrigger":{},"entryPoint":"checkPhone"},"verifyRazorpayPayment":{"availableMemoryMb":null,"timeoutSeconds":30,"minInstances":null,"maxInstances":null,"ingressSettings":null,"concurrency":null,"serviceAccountEmail":null,"vpc":null,"platform":"gcfv2","region":["us-central1"],"labels":{},"callableTrigger":{},"entryPoint":"verifyRazorpayPayment"}},"specVersion":"v1alpha1","requiredAPIs":[],"extensions":{}}
[info] i  extensions: ensuring required API firebaseextensions.googleapis.com is enabled... 
[debug] [2025-05-05T07:32:15.299Z] Checked if tokens are valid: true, expires at: 1746433855973
[debug] [2025-05-05T07:32:15.299Z] Checked if tokens are valid: true, expires at: 1746433855973
[debug] [2025-05-05T07:32:15.299Z] >>> [apiv2][query] GET https://serviceusage.googleapis.com/v1/projects/valluvar-vaasal-app/services/firebaseextensions.googleapis.com [none]
[debug] [2025-05-05T07:32:15.299Z] >>> [apiv2][(partial)header] GET https://serviceusage.googleapis.com/v1/projects/valluvar-vaasal-app/services/firebaseextensions.googleapis.com x-goog-quota-user=projects/valluvar-vaasal-app
[debug] [2025-05-05T07:32:17.350Z] <<< [apiv2][status] GET https://serviceusage.googleapis.com/v1/projects/valluvar-vaasal-app/services/firebaseextensions.googleapis.com 200
[debug] [2025-05-05T07:32:17.351Z] <<< [apiv2][body] GET https://serviceusage.googleapis.com/v1/projects/valluvar-vaasal-app/services/firebaseextensions.googleapis.com [omitted]
[info] ✔  extensions: required API firebaseextensions.googleapis.com is enabled 
[debug] [2025-05-05T07:32:17.351Z] > command requires scopes: ["email","openid","https://www.googleapis.com/auth/cloudplatformprojects.readonly","https://www.googleapis.com/auth/firebase","https://www.googleapis.com/auth/cloud-platform"]
[debug] [2025-05-05T07:32:17.351Z] > authorizing via signed-in user (valluvarvaasal@gmail.com)
[debug] [2025-05-05T07:32:17.351Z] [iam] checking project valluvar-vaasal-app for permissions ["firebase.projects.get","firebaseextensions.instances.list"]
[debug] [2025-05-05T07:32:17.351Z] Checked if tokens are valid: true, expires at: 1746433855973
[debug] [2025-05-05T07:32:17.351Z] Checked if tokens are valid: true, expires at: 1746433855973
[debug] [2025-05-05T07:32:17.351Z] >>> [apiv2][query] POST https://cloudresourcemanager.googleapis.com/v1/projects/valluvar-vaasal-app:testIamPermissions [none]
[debug] [2025-05-05T07:32:17.351Z] >>> [apiv2][(partial)header] POST https://cloudresourcemanager.googleapis.com/v1/projects/valluvar-vaasal-app:testIamPermissions x-goog-quota-user=projects/valluvar-vaasal-app
[debug] [2025-05-05T07:32:17.351Z] >>> [apiv2][body] POST https://cloudresourcemanager.googleapis.com/v1/projects/valluvar-vaasal-app:testIamPermissions {"permissions":["firebase.projects.get","firebaseextensions.instances.list"]}
[debug] [2025-05-05T07:32:19.062Z] <<< [apiv2][status] POST https://cloudresourcemanager.googleapis.com/v1/projects/valluvar-vaasal-app:testIamPermissions 200
[debug] [2025-05-05T07:32:19.062Z] <<< [apiv2][body] POST https://cloudresourcemanager.googleapis.com/v1/projects/valluvar-vaasal-app:testIamPermissions {"permissions":["firebase.projects.get","firebaseextensions.instances.list"]}
[debug] [2025-05-05T07:32:19.062Z] Checked if tokens are valid: true, expires at: 1746433855973
[debug] [2025-05-05T07:32:19.062Z] Checked if tokens are valid: true, expires at: 1746433855973
[debug] [2025-05-05T07:32:19.063Z] >>> [apiv2][query] GET https://firebaseextensions.googleapis.com/v1beta/projects/valluvar-vaasal-app/instances pageSize=100&pageToken=
[debug] [2025-05-05T07:32:21.091Z] <<< [apiv2][status] GET https://firebaseextensions.googleapis.com/v1beta/projects/valluvar-vaasal-app/instances 200
[debug] [2025-05-05T07:32:21.091Z] <<< [apiv2][body] GET https://firebaseextensions.googleapis.com/v1beta/projects/valluvar-vaasal-app/instances {}
[info] i  functions: preparing functions directory for uploading... 
[info] i  functions: packaged /Users/ayushnanda/Documents/projects/valluvar-vaasal/functions (82.83 KB) for uploading 
[debug] [2025-05-05T07:32:21.136Z] Checked if tokens are valid: true, expires at: 1746433855973
[debug] [2025-05-05T07:32:21.136Z] Checked if tokens are valid: true, expires at: 1746433855973
[debug] [2025-05-05T07:32:21.136Z] >>> [apiv2][query] GET https://cloudfunctions.googleapis.com/v1/projects/valluvar-vaasal-app/locations/-/functions [none]
[debug] [2025-05-05T07:32:22.343Z] <<< [apiv2][status] GET https://cloudfunctions.googleapis.com/v1/projects/valluvar-vaasal-app/locations/-/functions 200
[debug] [2025-05-05T07:32:22.343Z] <<< [apiv2][body] GET https://cloudfunctions.googleapis.com/v1/projects/valluvar-vaasal-app/locations/-/functions {}
[debug] [2025-05-05T07:32:22.343Z] Checked if tokens are valid: true, expires at: 1746433855973
[debug] [2025-05-05T07:32:22.343Z] Checked if tokens are valid: true, expires at: 1746433855973
[debug] [2025-05-05T07:32:22.343Z] >>> [apiv2][query] GET https://cloudfunctions.googleapis.com/v2/projects/valluvar-vaasal-app/locations/-/functions filter=environment%3D%22GEN_2%22
[debug] [2025-05-05T07:32:24.083Z] <<< [apiv2][status] GET https://cloudfunctions.googleapis.com/v2/projects/valluvar-vaasal-app/locations/-/functions 200
[debug] [2025-05-05T07:32:24.083Z] <<< [apiv2][body] GET https://cloudfunctions.googleapis.com/v2/projects/valluvar-vaasal-app/locations/-/functions {"functions":[{"name":"projects/valluvar-vaasal-app/locations/us-central1/functions/checkPhone","buildConfig":{"build":"projects/903798539312/locations/us-central1/builds/ae7cd319-9285-409c-a2e3-bbb9154fff0b","runtime":"nodejs22","entryPoint":"checkPhone","source":{"storageSource":{"bucket":"gcf-v2-sources-903798539312-us-central1","object":"checkPhone/function-source.zip","generation":"1746424216815694"}},"environmentVariables":{"GOOGLE_NODE_RUN_SCRIPTS":""},"dockerRepository":"projects/valluvar-vaasal-app/locations/us-central1/repositories/gcf-artifacts","sourceProvenance":{"resolvedStorageSource":{"bucket":"gcf-v2-sources-903798539312-us-central1","object":"checkPhone/function-source.zip","generation":"1746424216815694"}},"dockerRegistry":"ARTIFACT_REGISTRY","serviceAccount":"projects/valluvar-vaasal-app/serviceAccounts/903798539312-compute@developer.gserviceaccount.com","automaticUpdatePolicy":{}},"serviceConfig":{"service":"projects/valluvar-vaasal-app/locations/us-central1/services/checkphone","timeoutSeconds":30,"environmentVariables":{"FIREBASE_CONFIG":"{\"projectId\":\"valluvar-vaasal-app\",\"storageBucket\":\"valluvar-vaasal-app.firebasestorage.app\"}","GCLOUD_PROJECT":"valluvar-vaasal-app","EVENTARC_CLOUD_EVENT_SOURCE":"projects/valluvar-vaasal-app/locations/us-central1/services/checkPhone","FUNCTION_TARGET":"checkPhone","LOG_EXECUTION_ID":"true"},"maxInstanceCount":3,"ingressSettings":"ALLOW_ALL","uri":"https://checkphone-325akbqe2a-uc.a.run.app","serviceAccountEmail":"903798539312-compute@developer.gserviceaccount.com","availableMemory":"256Mi","allTrafficOnLatestRevision":true,"revision":"checkphone-00001-kiy","maxInstanceRequestConcurrency":80,"availableCpu":"1"},"state":"ACTIVE","updateTime":"2025-05-05T05:52:21.675934068Z","labels":{"deployment-callable":"true","firebase-functions-hash":"48f4661db35246d0f56ca7e9ee931ce98888c97a","deployment-tool":"cli-firebase"},"environment":"GEN_2","url":"https://us-central1-valluvar-vaasal-app.cloudfunctions.net/checkPhone","createTime":"2025-05-05T05:50:17.012751400Z","satisfiesPzi":true}]}
[info] i  functions: ensuring required API run.googleapis.com is enabled... 
[debug] [2025-05-05T07:32:24.085Z] Checked if tokens are valid: true, expires at: 1746433855973
[debug] [2025-05-05T07:32:24.085Z] Checked if tokens are valid: true, expires at: 1746433855973
[info] i  functions: ensuring required API eventarc.googleapis.com is enabled... 
[debug] [2025-05-05T07:32:24.085Z] Checked if tokens are valid: true, expires at: 1746433855973
[debug] [2025-05-05T07:32:24.085Z] Checked if tokens are valid: true, expires at: 1746433855973
[info] i  functions: ensuring required API pubsub.googleapis.com is enabled... 
[debug] [2025-05-05T07:32:24.085Z] Checked if tokens are valid: true, expires at: 1746433855973
[debug] [2025-05-05T07:32:24.086Z] Checked if tokens are valid: true, expires at: 1746433855973
[info] i  functions: ensuring required API storage.googleapis.com is enabled... 
[debug] [2025-05-05T07:32:24.086Z] Checked if tokens are valid: true, expires at: 1746433855973
[debug] [2025-05-05T07:32:24.086Z] Checked if tokens are valid: true, expires at: 1746433855973
[debug] [2025-05-05T07:32:24.086Z] >>> [apiv2][query] GET https://serviceusage.googleapis.com/v1/projects/valluvar-vaasal-app/services/run.googleapis.com [none]
[debug] [2025-05-05T07:32:24.086Z] >>> [apiv2][(partial)header] GET https://serviceusage.googleapis.com/v1/projects/valluvar-vaasal-app/services/run.googleapis.com x-goog-quota-user=projects/valluvar-vaasal-app
[debug] [2025-05-05T07:32:24.087Z] >>> [apiv2][query] GET https://serviceusage.googleapis.com/v1/projects/valluvar-vaasal-app/services/eventarc.googleapis.com [none]
[debug] [2025-05-05T07:32:24.087Z] >>> [apiv2][(partial)header] GET https://serviceusage.googleapis.com/v1/projects/valluvar-vaasal-app/services/eventarc.googleapis.com x-goog-quota-user=projects/valluvar-vaasal-app
[debug] [2025-05-05T07:32:24.087Z] >>> [apiv2][query] GET https://serviceusage.googleapis.com/v1/projects/valluvar-vaasal-app/services/pubsub.googleapis.com [none]
[debug] [2025-05-05T07:32:24.087Z] >>> [apiv2][(partial)header] GET https://serviceusage.googleapis.com/v1/projects/valluvar-vaasal-app/services/pubsub.googleapis.com x-goog-quota-user=projects/valluvar-vaasal-app
[debug] [2025-05-05T07:32:24.088Z] >>> [apiv2][query] GET https://serviceusage.googleapis.com/v1/projects/valluvar-vaasal-app/services/storage.googleapis.com [none]
[debug] [2025-05-05T07:32:24.088Z] >>> [apiv2][(partial)header] GET https://serviceusage.googleapis.com/v1/projects/valluvar-vaasal-app/services/storage.googleapis.com x-goog-quota-user=projects/valluvar-vaasal-app
[debug] [2025-05-05T07:32:26.163Z] <<< [apiv2][status] GET https://serviceusage.googleapis.com/v1/projects/valluvar-vaasal-app/services/storage.googleapis.com 200
[debug] [2025-05-05T07:32:26.163Z] <<< [apiv2][body] GET https://serviceusage.googleapis.com/v1/projects/valluvar-vaasal-app/services/storage.googleapis.com [omitted]
[info] ✔  functions: required API storage.googleapis.com is enabled 
[debug] [2025-05-05T07:32:26.163Z] <<< [apiv2][status] GET https://serviceusage.googleapis.com/v1/projects/valluvar-vaasal-app/services/pubsub.googleapis.com 200
[debug] [2025-05-05T07:32:26.163Z] <<< [apiv2][body] GET https://serviceusage.googleapis.com/v1/projects/valluvar-vaasal-app/services/pubsub.googleapis.com [omitted]
[info] ✔  functions: required API pubsub.googleapis.com is enabled 
[debug] [2025-05-05T07:32:26.164Z] <<< [apiv2][status] GET https://serviceusage.googleapis.com/v1/projects/valluvar-vaasal-app/services/eventarc.googleapis.com 200
[debug] [2025-05-05T07:32:26.164Z] <<< [apiv2][body] GET https://serviceusage.googleapis.com/v1/projects/valluvar-vaasal-app/services/eventarc.googleapis.com [omitted]
[info] ✔  functions: required API eventarc.googleapis.com is enabled 
[debug] [2025-05-05T07:32:26.164Z] <<< [apiv2][status] GET https://serviceusage.googleapis.com/v1/projects/valluvar-vaasal-app/services/run.googleapis.com 200
[debug] [2025-05-05T07:32:26.164Z] <<< [apiv2][body] GET https://serviceusage.googleapis.com/v1/projects/valluvar-vaasal-app/services/run.googleapis.com [omitted]
[info] ✔  functions: required API run.googleapis.com is enabled 
[info] i  functions: generating the service identity for pubsub.googleapis.com... 
[debug] [2025-05-05T07:32:26.165Z] Checked if tokens are valid: true, expires at: 1746433855973
[debug] [2025-05-05T07:32:26.166Z] Checked if tokens are valid: true, expires at: 1746433855973
[info] i  functions: generating the service identity for eventarc.googleapis.com... 
[debug] [2025-05-05T07:32:26.166Z] Checked if tokens are valid: true, expires at: 1746433855973
[debug] [2025-05-05T07:32:26.166Z] Checked if tokens are valid: true, expires at: 1746433855973
[debug] [2025-05-05T07:32:26.166Z] >>> [apiv2][query] POST https://serviceusage.googleapis.com/v1beta1/projects/903798539312/services/pubsub.googleapis.com:generateServiceIdentity [none]
[debug] [2025-05-05T07:32:26.166Z] >>> [apiv2][query] POST https://serviceusage.googleapis.com/v1beta1/projects/903798539312/services/eventarc.googleapis.com:generateServiceIdentity [none]
[debug] [2025-05-05T07:32:26.691Z] <<< [apiv2][status] POST https://serviceusage.googleapis.com/v1beta1/projects/903798539312/services/pubsub.googleapis.com:generateServiceIdentity 200
[debug] [2025-05-05T07:32:26.691Z] <<< [apiv2][body] POST https://serviceusage.googleapis.com/v1beta1/projects/903798539312/services/pubsub.googleapis.com:generateServiceIdentity {"name":"operations/finished.DONE_OPERATION","done":true,"response":{"@type":"type.googleapis.com/google.api.serviceusage.v1beta1.ServiceIdentity","email":"service-903798539312@gcp-sa-pubsub.iam.gserviceaccount.com","uniqueId":"105911117869633049066"}}
[debug] [2025-05-05T07:32:26.731Z] <<< [apiv2][status] POST https://serviceusage.googleapis.com/v1beta1/projects/903798539312/services/eventarc.googleapis.com:generateServiceIdentity 200
[debug] [2025-05-05T07:32:26.731Z] <<< [apiv2][body] POST https://serviceusage.googleapis.com/v1beta1/projects/903798539312/services/eventarc.googleapis.com:generateServiceIdentity {"name":"operations/finished.DONE_OPERATION","done":true,"response":{"@type":"type.googleapis.com/google.api.serviceusage.v1beta1.ServiceIdentity","email":"service-903798539312@gcp-sa-eventarc.iam.gserviceaccount.com","uniqueId":"107513467832942060180"}}
[debug] [2025-05-05T07:32:26.732Z] Checked if tokens are valid: true, expires at: 1746433855973
[debug] [2025-05-05T07:32:26.732Z] Checked if tokens are valid: true, expires at: 1746433855973
[debug] [2025-05-05T07:32:26.733Z] >>> [apiv2][query] GET https://cloudresourcemanager.googleapis.com/v1/projects/valluvar-vaasal-app [none]
[debug] [2025-05-05T07:32:28.410Z] <<< [apiv2][status] GET https://cloudresourcemanager.googleapis.com/v1/projects/valluvar-vaasal-app 200
[debug] [2025-05-05T07:32:28.410Z] <<< [apiv2][body] GET https://cloudresourcemanager.googleapis.com/v1/projects/valluvar-vaasal-app {"projectNumber":"903798539312","projectId":"valluvar-vaasal-app","lifecycleState":"ACTIVE","name":"valluvar-vaasal","labels":{"firebase":"enabled","firebase-core":"disabled"},"createTime":"2025-04-02T21:19:21.688594Z"}
[debug] [2025-05-05T07:32:28.411Z] Checked if tokens are valid: true, expires at: 1746433855973
[debug] [2025-05-05T07:32:28.411Z] Checked if tokens are valid: true, expires at: 1746433855973
[debug] [2025-05-05T07:32:28.411Z] >>> [apiv2][query] GET https://cloudbilling.googleapis.com/v1/projects/valluvar-vaasal-app/billingInfo [none]
[debug] [2025-05-05T07:32:30.425Z] <<< [apiv2][status] GET https://cloudbilling.googleapis.com/v1/projects/valluvar-vaasal-app/billingInfo 200
[debug] [2025-05-05T07:32:30.426Z] <<< [apiv2][body] GET https://cloudbilling.googleapis.com/v1/projects/valluvar-vaasal-app/billingInfo {"name":"projects/valluvar-vaasal-app/billingInfo","projectId":"valluvar-vaasal-app","billingAccountName":"billingAccounts/01ADF0-38217E-C79F70","billingEnabled":true}
[debug] [2025-05-05T07:32:30.426Z] Checked if tokens are valid: true, expires at: 1746433855973
[debug] [2025-05-05T07:32:30.427Z] Checked if tokens are valid: true, expires at: 1746433855973
[debug] [2025-05-05T07:32:30.427Z] >>> [apiv2][query] POST https://cloudfunctions.googleapis.com/v2/projects/valluvar-vaasal-app/locations/us-central1/functions:generateUploadUrl [none]
[debug] [2025-05-05T07:32:32.101Z] <<< [apiv2][status] POST https://cloudfunctions.googleapis.com/v2/projects/valluvar-vaasal-app/locations/us-central1/functions:generateUploadUrl 200
[debug] [2025-05-05T07:32:32.101Z] <<< [apiv2][body] POST https://cloudfunctions.googleapis.com/v2/projects/valluvar-vaasal-app/locations/us-central1/functions:generateUploadUrl {"uploadUrl":"https://storage.googleapis.com/gcf-v2-uploads-903798539312.us-central1.cloudfunctions.appspot.com/fc075364-15e7-47d7-aacb-16742956d358.zip?GoogleAccessId=service-903798539312@gcf-admin-robot.iam.gserviceaccount.com&Expires=1746432151&Signature=YVuve%2FIngH5N1ZEjwYZurJgKtJH4UjX9SThTGtj0SgxX1PTaY1nS7wH0cBwXxEh2d4KFs94ReYJKEcwPTfYBBkMWCwNQRAvoxk0XJFcx9hgkfVdk9Blljsy%2FlG37%2Fe5eXQxMrQcqFXjYr8ozFA3h1OUrLUdIBJ0Uh1fiAvG2GZDw8Y5yVAuENirbeQiJBF5phyo1%2BbYyJ9XNQP6NnTP6Mh%2FAVCH6VEj2LE1e%2BMsW8Nv8BUfKxPuyKT1jELlxdKyR0Xl4mGgY9U2kv9MZMGLBAk83bdR2EFe3besrjRlRi%2B8nKvtQqwqBZo%2BdRTk9QCG3kvvO8cmVvIDCACr2UcPIEQ%3D%3D","storageSource":{"bucket":"gcf-v2-uploads-903798539312.us-central1.cloudfunctions.appspot.com","object":"fc075364-15e7-47d7-aacb-16742956d358.zip"}}
[debug] [2025-05-05T07:32:32.102Z] >>> [apiv2][query] PUT https://storage.googleapis.com/gcf-v2-uploads-903798539312.us-central1.cloudfunctions.appspot.com/fc075364-15e7-47d7-aacb-16742956d358.zip GoogleAccessId=service-903798539312%40gcf-admin-robot.iam.gserviceaccount.com&Expires=1746432151&Signature=YVuve%2FIngH5N1ZEjwYZurJgKtJH4UjX9SThTGtj0SgxX1PTaY1nS7wH0cBwXxEh2d4KFs94ReYJKEcwPTfYBBkMWCwNQRAvoxk0XJFcx9hgkfVdk9Blljsy%2FlG37%2Fe5eXQxMrQcqFXjYr8ozFA3h1OUrLUdIBJ0Uh1fiAvG2GZDw8Y5yVAuENirbeQiJBF5phyo1%2BbYyJ9XNQP6NnTP6Mh%2FAVCH6VEj2LE1e%2BMsW8Nv8BUfKxPuyKT1jELlxdKyR0Xl4mGgY9U2kv9MZMGLBAk83bdR2EFe3besrjRlRi%2B8nKvtQqwqBZo%2BdRTk9QCG3kvvO8cmVvIDCACr2UcPIEQ%3D%3D
[debug] [2025-05-05T07:32:32.102Z] >>> [apiv2][body] PUT https://storage.googleapis.com/gcf-v2-uploads-903798539312.us-central1.cloudfunctions.appspot.com/fc075364-15e7-47d7-aacb-16742956d358.zip [stream]
[debug] [2025-05-05T07:32:33.477Z] <<< [apiv2][status] PUT https://storage.googleapis.com/gcf-v2-uploads-903798539312.us-central1.cloudfunctions.appspot.com/fc075364-15e7-47d7-aacb-16742956d358.zip 200
[debug] [2025-05-05T07:32:33.477Z] <<< [apiv2][body] PUT https://storage.googleapis.com/gcf-v2-uploads-903798539312.us-central1.cloudfunctions.appspot.com/fc075364-15e7-47d7-aacb-16742956d358.zip [omitted]
[info] ✔  functions: functions folder uploaded successfully 
[info] i  functions: creating Node.js 22 (2nd Gen) function verifyRazorpayPayment(us-central1)... 
[info] i  functions: updating Node.js 22 (2nd Gen) function checkPhone(us-central1)... 
[debug] [2025-05-05T07:32:33.480Z] Checked if tokens are valid: true, expires at: 1746433855973
[debug] [2025-05-05T07:32:33.480Z] Checked if tokens are valid: true, expires at: 1746433855973
[debug] [2025-05-05T07:32:33.480Z] >>> [apiv2][query] POST https://cloudfunctions.googleapis.com/v2/projects/valluvar-vaasal-app/locations/us-central1/functions functionId=verifyRazorpayPayment
[debug] [2025-05-05T07:32:33.480Z] >>> [apiv2][body] POST https://cloudfunctions.googleapis.com/v2/projects/valluvar-vaasal-app/locations/us-central1/functions {"name":"projects/valluvar-vaasal-app/locations/us-central1/functions/verifyRazorpayPayment","buildConfig":{"runtime":"nodejs22","entryPoint":"verifyRazorpayPayment","source":{"storageSource":{"bucket":"gcf-v2-uploads-903798539312.us-central1.cloudfunctions.appspot.com","object":"fc075364-15e7-47d7-aacb-16742956d358.zip"}},"environmentVariables":{"GOOGLE_NODE_RUN_SCRIPTS":""}},"serviceConfig":{"environmentVariables":{"FIREBASE_CONFIG":"{\"projectId\":\"valluvar-vaasal-app\",\"storageBucket\":\"valluvar-vaasal-app.firebasestorage.app\"}","GCLOUD_PROJECT":"valluvar-vaasal-app","EVENTARC_CLOUD_EVENT_SOURCE":"projects/valluvar-vaasal-app/locations/us-central1/services/verifyRazorpayPayment","FUNCTION_TARGET":"verifyRazorpayPayment","LOG_EXECUTION_ID":"true"},"ingressSettings":null,"timeoutSeconds":30,"serviceAccountEmail":null,"availableMemory":"256Mi","minInstanceCount":null,"maxInstanceCount":null,"maxInstanceRequestConcurrency":80,"availableCpu":"1","vpcConnector":null,"vpcConnectorEgressSettings":null},"labels":{"deployment-tool":"cli-firebase","deployment-callable":"true","firebase-functions-hash":"7d45bdfb863fadec097f63812ce0a0498dd8bf25"}}
[debug] [2025-05-05T07:32:35.445Z] <<< [apiv2][status] POST https://cloudfunctions.googleapis.com/v2/projects/valluvar-vaasal-app/locations/us-central1/functions 200
[debug] [2025-05-05T07:32:35.446Z] <<< [apiv2][body] POST https://cloudfunctions.googleapis.com/v2/projects/valluvar-vaasal-app/locations/us-central1/functions {"name":"projects/valluvar-vaasal-app/locations/us-central1/operations/operation-1746430354708-6345e80ead96d-30672d24-c53a2dc6","metadata":{"@type":"type.googleapis.com/google.cloud.functions.v2.OperationMetadata","createTime":"2025-05-05T07:32:35.239691738Z","target":"projects/valluvar-vaasal-app/locations/us-central1/functions/verifyRazorpayPayment","verb":"create","cancelRequested":false,"apiVersion":"v2"},"done":false}
[debug] [2025-05-05T07:32:35.446Z] Checked if tokens are valid: true, expires at: 1746433855973
[debug] [2025-05-05T07:32:35.446Z] Checked if tokens are valid: true, expires at: 1746433855973
[debug] [2025-05-05T07:32:35.446Z] >>> [apiv2][query] GET https://cloudfunctions.googleapis.com/v2/projects/valluvar-vaasal-app/locations/us-central1/operations/operation-1746430354708-6345e80ead96d-30672d24-c53a2dc6 [none]
[debug] [2025-05-05T07:32:36.846Z] <<< [apiv2][status] GET https://cloudfunctions.googleapis.com/v2/projects/valluvar-vaasal-app/locations/us-central1/operations/operation-1746430354708-6345e80ead96d-30672d24-c53a2dc6 200
[debug] [2025-05-05T07:32:36.846Z] <<< [apiv2][body] GET https://cloudfunctions.googleapis.com/v2/projects/valluvar-vaasal-app/locations/us-central1/operations/operation-1746430354708-6345e80ead96d-30672d24-c53a2dc6 {"name":"projects/valluvar-vaasal-app/locations/us-central1/operations/operation-1746430354708-6345e80ead96d-30672d24-c53a2dc6","metadata":{"@type":"type.googleapis.com/google.cloud.functions.v2.OperationMetadata","createTime":"2025-05-05T07:32:35.239691738Z","target":"projects/valluvar-vaasal-app/locations/us-central1/functions/verifyRazorpayPayment","verb":"create","cancelRequested":false,"apiVersion":"v2","requestResource":{"@type":"type.googleapis.com/google.cloud.functions.v2.Function","name":"projects/valluvar-vaasal-app/locations/us-central1/functions/verifyRazorpayPayment","buildConfig":{"runtime":"nodejs22","entryPoint":"verifyRazorpayPayment","source":{"storageSource":{"bucket":"gcf-v2-sources-903798539312-us-central1","object":"verifyRazorpayPayment/function-source.zip","generation":"1746430354986362"}},"environmentVariables":{"GOOGLE_NODE_RUN_SCRIPTS":""},"serviceAccount":"projects/valluvar-vaasal-app/serviceAccounts/903798539312-compute@developer.gserviceaccount.com","automaticUpdatePolicy":{}},"serviceConfig":{"service":"projects/valluvar-vaasal-app/locations/us-central1/services/verifyrazorpaypayment","timeoutSeconds":30,"environmentVariables":{"FIREBASE_CONFIG":"{\"projectId\":\"valluvar-vaasal-app\",\"storageBucket\":\"valluvar-vaasal-app.firebasestorage.app\"}","GCLOUD_PROJECT":"valluvar-vaasal-app","EVENTARC_CLOUD_EVENT_SOURCE":"projects/valluvar-vaasal-app/locations/us-central1/services/verifyRazorpayPayment","FUNCTION_TARGET":"verifyRazorpayPayment","LOG_EXECUTION_ID":"true"},"ingressSettings":"ALLOW_ALL","serviceAccountEmail":"903798539312-compute@developer.gserviceaccount.com","availableMemory":"256Mi","maxInstanceRequestConcurrency":80,"availableCpu":"1"},"labels":{"deployment-tool":"cli-firebase","deployment-callable":"true","firebase-functions-hash":"7d45bdfb863fadec097f63812ce0a0498dd8bf25"},"environment":"GEN_2"},"stages":[{"name":"BUILD","message":"Build in progress","state":"IN_PROGRESS","resource":"projects/903798539312/locations/us-central1/builds/015c8e6b-3db4-4c9f-97e0-511d516b11f3","resourceUri":"https://console.cloud.google.com/cloud-build/builds;region=us-central1/015c8e6b-3db4-4c9f-97e0-511d516b11f3?project=903798539312"},{"name":"SERVICE","state":"NOT_STARTED"}],"operationType":"CREATE_FUNCTION","buildName":"projects/903798539312/locations/us-central1/builds/015c8e6b-3db4-4c9f-97e0-511d516b11f3"},"done":false}
[debug] [2025-05-05T07:32:37.348Z] [create-default-us-central1-verifyRazorpayPayment] Retrying task index 0
[debug] [2025-05-05T07:32:37.348Z] Checked if tokens are valid: true, expires at: 1746433855973
[debug] [2025-05-05T07:32:37.348Z] Checked if tokens are valid: true, expires at: 1746433855973
[debug] [2025-05-05T07:32:37.348Z] >>> [apiv2][query] GET https://cloudfunctions.googleapis.com/v2/projects/valluvar-vaasal-app/locations/us-central1/operations/operation-1746430354708-6345e80ead96d-30672d24-c53a2dc6 [none]
[debug] [2025-05-05T07:32:38.747Z] <<< [apiv2][status] GET https://cloudfunctions.googleapis.com/v2/projects/valluvar-vaasal-app/locations/us-central1/operations/operation-1746430354708-6345e80ead96d-30672d24-c53a2dc6 200
[debug] [2025-05-05T07:32:38.747Z] <<< [apiv2][body] GET https://cloudfunctions.googleapis.com/v2/projects/valluvar-vaasal-app/locations/us-central1/operations/operation-1746430354708-6345e80ead96d-30672d24-c53a2dc6 {"name":"projects/valluvar-vaasal-app/locations/us-central1/operations/operation-1746430354708-6345e80ead96d-30672d24-c53a2dc6","metadata":{"@type":"type.googleapis.com/google.cloud.functions.v2.OperationMetadata","createTime":"2025-05-05T07:32:35.239691738Z","target":"projects/valluvar-vaasal-app/locations/us-central1/functions/verifyRazorpayPayment","verb":"create","cancelRequested":false,"apiVersion":"v2","requestResource":{"@type":"type.googleapis.com/google.cloud.functions.v2.Function","name":"projects/valluvar-vaasal-app/locations/us-central1/functions/verifyRazorpayPayment","buildConfig":{"runtime":"nodejs22","entryPoint":"verifyRazorpayPayment","source":{"storageSource":{"bucket":"gcf-v2-sources-903798539312-us-central1","object":"verifyRazorpayPayment/function-source.zip","generation":"1746430354986362"}},"environmentVariables":{"GOOGLE_NODE_RUN_SCRIPTS":""},"serviceAccount":"projects/valluvar-vaasal-app/serviceAccounts/903798539312-compute@developer.gserviceaccount.com","automaticUpdatePolicy":{}},"serviceConfig":{"service":"projects/valluvar-vaasal-app/locations/us-central1/services/verifyrazorpaypayment","timeoutSeconds":30,"environmentVariables":{"FIREBASE_CONFIG":"{\"projectId\":\"valluvar-vaasal-app\",\"storageBucket\":\"valluvar-vaasal-app.firebasestorage.app\"}","GCLOUD_PROJECT":"valluvar-vaasal-app","EVENTARC_CLOUD_EVENT_SOURCE":"projects/valluvar-vaasal-app/locations/us-central1/services/verifyRazorpayPayment","FUNCTION_TARGET":"verifyRazorpayPayment","LOG_EXECUTION_ID":"true"},"ingressSettings":"ALLOW_ALL","serviceAccountEmail":"903798539312-compute@developer.gserviceaccount.com","availableMemory":"256Mi","maxInstanceRequestConcurrency":80,"availableCpu":"1"},"labels":{"deployment-tool":"cli-firebase","deployment-callable":"true","firebase-functions-hash":"7d45bdfb863fadec097f63812ce0a0498dd8bf25"},"environment":"GEN_2"},"stages":[{"name":"BUILD","message":"Build in progress","state":"IN_PROGRESS","resource":"projects/903798539312/locations/us-central1/builds/015c8e6b-3db4-4c9f-97e0-511d516b11f3","resourceUri":"https://console.cloud.google.com/cloud-build/builds;region=us-central1/015c8e6b-3db4-4c9f-97e0-511d516b11f3?project=903798539312"},{"name":"SERVICE","state":"NOT_STARTED"}],"operationType":"CREATE_FUNCTION","buildName":"projects/903798539312/locations/us-central1/builds/015c8e6b-3db4-4c9f-97e0-511d516b11f3"},"done":false}
[debug] [2025-05-05T07:32:39.747Z] [create-default-us-central1-verifyRazorpayPayment] Retrying task index 0
[debug] [2025-05-05T07:32:39.748Z] Checked if tokens are valid: true, expires at: 1746433855973
[debug] [2025-05-05T07:32:39.748Z] Checked if tokens are valid: true, expires at: 1746433855973
[debug] [2025-05-05T07:32:39.748Z] >>> [apiv2][query] GET https://cloudfunctions.googleapis.com/v2/projects/valluvar-vaasal-app/locations/us-central1/operations/operation-1746430354708-6345e80ead96d-30672d24-c53a2dc6 [none]
[debug] [2025-05-05T07:32:41.151Z] <<< [apiv2][status] GET https://cloudfunctions.googleapis.com/v2/projects/valluvar-vaasal-app/locations/us-central1/operations/operation-1746430354708-6345e80ead96d-30672d24-c53a2dc6 200
[debug] [2025-05-05T07:32:41.151Z] <<< [apiv2][body] GET https://cloudfunctions.googleapis.com/v2/projects/valluvar-vaasal-app/locations/us-central1/operations/operation-1746430354708-6345e80ead96d-30672d24-c53a2dc6 {"name":"projects/valluvar-vaasal-app/locations/us-central1/operations/operation-1746430354708-6345e80ead96d-30672d24-c53a2dc6","metadata":{"@type":"type.googleapis.com/google.cloud.functions.v2.OperationMetadata","createTime":"2025-05-05T07:32:35.239691738Z","target":"projects/valluvar-vaasal-app/locations/us-central1/functions/verifyRazorpayPayment","verb":"create","cancelRequested":false,"apiVersion":"v2","requestResource":{"@type":"type.googleapis.com/google.cloud.functions.v2.Function","name":"projects/valluvar-vaasal-app/locations/us-central1/functions/verifyRazorpayPayment","buildConfig":{"runtime":"nodejs22","entryPoint":"verifyRazorpayPayment","source":{"storageSource":{"bucket":"gcf-v2-sources-903798539312-us-central1","object":"verifyRazorpayPayment/function-source.zip","generation":"1746430354986362"}},"environmentVariables":{"GOOGLE_NODE_RUN_SCRIPTS":""},"serviceAccount":"projects/valluvar-vaasal-app/serviceAccounts/903798539312-compute@developer.gserviceaccount.com","automaticUpdatePolicy":{}},"serviceConfig":{"service":"projects/valluvar-vaasal-app/locations/us-central1/services/verifyrazorpaypayment","timeoutSeconds":30,"environmentVariables":{"FIREBASE_CONFIG":"{\"projectId\":\"valluvar-vaasal-app\",\"storageBucket\":\"valluvar-vaasal-app.firebasestorage.app\"}","GCLOUD_PROJECT":"valluvar-vaasal-app","EVENTARC_CLOUD_EVENT_SOURCE":"projects/valluvar-vaasal-app/locations/us-central1/services/verifyRazorpayPayment","FUNCTION_TARGET":"verifyRazorpayPayment","LOG_EXECUTION_ID":"true"},"ingressSettings":"ALLOW_ALL","serviceAccountEmail":"903798539312-compute@developer.gserviceaccount.com","availableMemory":"256Mi","maxInstanceRequestConcurrency":80,"availableCpu":"1"},"labels":{"deployment-tool":"cli-firebase","deployment-callable":"true","firebase-functions-hash":"7d45bdfb863fadec097f63812ce0a0498dd8bf25"},"environment":"GEN_2"},"stages":[{"name":"BUILD","message":"Build in progress","state":"IN_PROGRESS","resource":"projects/903798539312/locations/us-central1/builds/015c8e6b-3db4-4c9f-97e0-511d516b11f3","resourceUri":"https://console.cloud.google.com/cloud-build/builds;region=us-central1/015c8e6b-3db4-4c9f-97e0-511d516b11f3?project=903798539312"},{"name":"SERVICE","state":"NOT_STARTED"}],"operationType":"CREATE_FUNCTION","buildName":"projects/903798539312/locations/us-central1/builds/015c8e6b-3db4-4c9f-97e0-511d516b11f3"},"done":false}
[debug] [2025-05-05T07:32:43.151Z] [create-default-us-central1-verifyRazorpayPayment] Retrying task index 0
[debug] [2025-05-05T07:32:43.151Z] Checked if tokens are valid: true, expires at: 1746433855973
[debug] [2025-05-05T07:32:43.151Z] Checked if tokens are valid: true, expires at: 1746433855973
[debug] [2025-05-05T07:32:43.151Z] >>> [apiv2][query] GET https://cloudfunctions.googleapis.com/v2/projects/valluvar-vaasal-app/locations/us-central1/operations/operation-1746430354708-6345e80ead96d-30672d24-c53a2dc6 [none]
[debug] [2025-05-05T07:32:44.691Z] <<< [apiv2][status] GET https://cloudfunctions.googleapis.com/v2/projects/valluvar-vaasal-app/locations/us-central1/operations/operation-1746430354708-6345e80ead96d-30672d24-c53a2dc6 200
[debug] [2025-05-05T07:32:44.691Z] <<< [apiv2][body] GET https://cloudfunctions.googleapis.com/v2/projects/valluvar-vaasal-app/locations/us-central1/operations/operation-1746430354708-6345e80ead96d-30672d24-c53a2dc6 {"name":"projects/valluvar-vaasal-app/locations/us-central1/operations/operation-1746430354708-6345e80ead96d-30672d24-c53a2dc6","metadata":{"@type":"type.googleapis.com/google.cloud.functions.v2.OperationMetadata","createTime":"2025-05-05T07:32:35.239691738Z","target":"projects/valluvar-vaasal-app/locations/us-central1/functions/verifyRazorpayPayment","verb":"create","cancelRequested":false,"apiVersion":"v2","requestResource":{"@type":"type.googleapis.com/google.cloud.functions.v2.Function","name":"projects/valluvar-vaasal-app/locations/us-central1/functions/verifyRazorpayPayment","buildConfig":{"runtime":"nodejs22","entryPoint":"verifyRazorpayPayment","source":{"storageSource":{"bucket":"gcf-v2-sources-903798539312-us-central1","object":"verifyRazorpayPayment/function-source.zip","generation":"1746430354986362"}},"environmentVariables":{"GOOGLE_NODE_RUN_SCRIPTS":""},"serviceAccount":"projects/valluvar-vaasal-app/serviceAccounts/903798539312-compute@developer.gserviceaccount.com","automaticUpdatePolicy":{}},"serviceConfig":{"service":"projects/valluvar-vaasal-app/locations/us-central1/services/verifyrazorpaypayment","timeoutSeconds":30,"environmentVariables":{"FIREBASE_CONFIG":"{\"projectId\":\"valluvar-vaasal-app\",\"storageBucket\":\"valluvar-vaasal-app.firebasestorage.app\"}","GCLOUD_PROJECT":"valluvar-vaasal-app","EVENTARC_CLOUD_EVENT_SOURCE":"projects/valluvar-vaasal-app/locations/us-central1/services/verifyRazorpayPayment","FUNCTION_TARGET":"verifyRazorpayPayment","LOG_EXECUTION_ID":"true"},"ingressSettings":"ALLOW_ALL","serviceAccountEmail":"903798539312-compute@developer.gserviceaccount.com","availableMemory":"256Mi","maxInstanceRequestConcurrency":80,"availableCpu":"1"},"labels":{"deployment-tool":"cli-firebase","deployment-callable":"true","firebase-functions-hash":"7d45bdfb863fadec097f63812ce0a0498dd8bf25"},"environment":"GEN_2"},"stages":[{"name":"BUILD","message":"Build in progress","state":"IN_PROGRESS","resource":"projects/903798539312/locations/us-central1/builds/015c8e6b-3db4-4c9f-97e0-511d516b11f3","resourceUri":"https://console.cloud.google.com/cloud-build/builds;region=us-central1/015c8e6b-3db4-4c9f-97e0-511d516b11f3?project=903798539312"},{"name":"SERVICE","state":"NOT_STARTED"}],"operationType":"CREATE_FUNCTION","buildName":"projects/903798539312/locations/us-central1/builds/015c8e6b-3db4-4c9f-97e0-511d516b11f3"},"done":false}
[debug] [2025-05-05T07:32:48.691Z] [create-default-us-central1-verifyRazorpayPayment] Retrying task index 0
[debug] [2025-05-05T07:32:48.691Z] Checked if tokens are valid: true, expires at: 1746433855973
[debug] [2025-05-05T07:32:48.691Z] Checked if tokens are valid: true, expires at: 1746433855973
[debug] [2025-05-05T07:32:48.691Z] >>> [apiv2][query] GET https://cloudfunctions.googleapis.com/v2/projects/valluvar-vaasal-app/locations/us-central1/operations/operation-1746430354708-6345e80ead96d-30672d24-c53a2dc6 [none]
[debug] [2025-05-05T07:32:50.394Z] <<< [apiv2][status] GET https://cloudfunctions.googleapis.com/v2/projects/valluvar-vaasal-app/locations/us-central1/operations/operation-1746430354708-6345e80ead96d-30672d24-c53a2dc6 200
[debug] [2025-05-05T07:32:50.394Z] <<< [apiv2][body] GET https://cloudfunctions.googleapis.com/v2/projects/valluvar-vaasal-app/locations/us-central1/operations/operation-1746430354708-6345e80ead96d-30672d24-c53a2dc6 {"name":"projects/valluvar-vaasal-app/locations/us-central1/operations/operation-1746430354708-6345e80ead96d-30672d24-c53a2dc6","metadata":{"@type":"type.googleapis.com/google.cloud.functions.v2.OperationMetadata","createTime":"2025-05-05T07:32:35.239691738Z","target":"projects/valluvar-vaasal-app/locations/us-central1/functions/verifyRazorpayPayment","verb":"create","cancelRequested":false,"apiVersion":"v2","requestResource":{"@type":"type.googleapis.com/google.cloud.functions.v2.Function","name":"projects/valluvar-vaasal-app/locations/us-central1/functions/verifyRazorpayPayment","buildConfig":{"runtime":"nodejs22","entryPoint":"verifyRazorpayPayment","source":{"storageSource":{"bucket":"gcf-v2-sources-903798539312-us-central1","object":"verifyRazorpayPayment/function-source.zip","generation":"1746430354986362"}},"environmentVariables":{"GOOGLE_NODE_RUN_SCRIPTS":""},"serviceAccount":"projects/valluvar-vaasal-app/serviceAccounts/903798539312-compute@developer.gserviceaccount.com","automaticUpdatePolicy":{}},"serviceConfig":{"service":"projects/valluvar-vaasal-app/locations/us-central1/services/verifyrazorpaypayment","timeoutSeconds":30,"environmentVariables":{"FIREBASE_CONFIG":"{\"projectId\":\"valluvar-vaasal-app\",\"storageBucket\":\"valluvar-vaasal-app.firebasestorage.app\"}","GCLOUD_PROJECT":"valluvar-vaasal-app","EVENTARC_CLOUD_EVENT_SOURCE":"projects/valluvar-vaasal-app/locations/us-central1/services/verifyRazorpayPayment","FUNCTION_TARGET":"verifyRazorpayPayment","LOG_EXECUTION_ID":"true"},"ingressSettings":"ALLOW_ALL","serviceAccountEmail":"903798539312-compute@developer.gserviceaccount.com","availableMemory":"256Mi","maxInstanceRequestConcurrency":80,"availableCpu":"1"},"labels":{"deployment-tool":"cli-firebase","deployment-callable":"true","firebase-functions-hash":"7d45bdfb863fadec097f63812ce0a0498dd8bf25"},"environment":"GEN_2"},"stages":[{"name":"BUILD","message":"Build in progress","state":"IN_PROGRESS","resource":"projects/903798539312/locations/us-central1/builds/015c8e6b-3db4-4c9f-97e0-511d516b11f3","resourceUri":"https://console.cloud.google.com/cloud-build/builds;region=us-central1/015c8e6b-3db4-4c9f-97e0-511d516b11f3?project=903798539312"},{"name":"SERVICE","state":"NOT_STARTED"}],"operationType":"CREATE_FUNCTION","buildName":"projects/903798539312/locations/us-central1/builds/015c8e6b-3db4-4c9f-97e0-511d516b11f3"},"done":false}
