[debug] [2025-05-05T05:29:47.467Z] ----------------------------------------------------------------------
[debug] [2025-05-05T05:29:47.469Z] Command:       /Users/ayushnanda/.nvm/versions/node/v22.12.0/bin/node /Users/ayushnanda/.nvm/versions/node/v22.12.0/bin/firebase deploy --only functions
[debug] [2025-05-05T05:29:47.469Z] CLI Version:   14.2.1
[debug] [2025-05-05T05:29:47.469Z] Platform:      darwin
[debug] [2025-05-05T05:29:47.469Z] Node Version:  v22.12.0
[debug] [2025-05-05T05:29:47.470Z] Time:          Mon May 05 2025 10:59:47 GMT+0530 (India Standard Time)
[debug] [2025-05-05T05:29:47.470Z] ----------------------------------------------------------------------
[debug] 
[debug] [2025-05-05T05:29:47.560Z] > command requires scopes: ["email","openid","https://www.googleapis.com/auth/cloudplatformprojects.readonly","https://www.googleapis.com/auth/firebase","https://www.googleapis.com/auth/cloud-platform"]
[debug] [2025-05-05T05:29:47.561Z] > authorizing via signed-in user (valluvarvaasal@gmail.com)
[debug] [2025-05-05T05:29:47.561Z] [iam] checking project valluvar-vaasal-app for permissions ["cloudfunctions.functions.create","cloudfunctions.functions.delete","cloudfunctions.functions.get","cloudfunctions.functions.list","cloudfunctions.functions.update","cloudfunctions.operations.get","firebase.projects.get"]
[debug] [2025-05-05T05:29:47.561Z] Checked if tokens are valid: true, expires at: 1746425459823
[debug] [2025-05-05T05:29:47.561Z] Checked if tokens are valid: true, expires at: 1746425459823
[debug] [2025-05-05T05:29:47.562Z] >>> [apiv2][query] POST https://cloudresourcemanager.googleapis.com/v1/projects/valluvar-vaasal-app:testIamPermissions [none]
[debug] [2025-05-05T05:29:47.562Z] >>> [apiv2][(partial)header] POST https://cloudresourcemanager.googleapis.com/v1/projects/valluvar-vaasal-app:testIamPermissions x-goog-quota-user=projects/valluvar-vaasal-app
[debug] [2025-05-05T05:29:47.562Z] >>> [apiv2][body] POST https://cloudresourcemanager.googleapis.com/v1/projects/valluvar-vaasal-app:testIamPermissions {"permissions":["cloudfunctions.functions.create","cloudfunctions.functions.delete","cloudfunctions.functions.get","cloudfunctions.functions.list","cloudfunctions.functions.update","cloudfunctions.operations.get","firebase.projects.get"]}
[debug] [2025-05-05T05:29:49.375Z] <<< [apiv2][status] POST https://cloudresourcemanager.googleapis.com/v1/projects/valluvar-vaasal-app:testIamPermissions 200
[debug] [2025-05-05T05:29:49.375Z] <<< [apiv2][body] POST https://cloudresourcemanager.googleapis.com/v1/projects/valluvar-vaasal-app:testIamPermissions {"permissions":["cloudfunctions.functions.create","cloudfunctions.functions.delete","cloudfunctions.functions.get","cloudfunctions.functions.list","cloudfunctions.functions.update","cloudfunctions.operations.get","firebase.projects.get"]}
[debug] [2025-05-05T05:29:49.375Z] Checked if tokens are valid: true, expires at: 1746425459823
[debug] [2025-05-05T05:29:49.375Z] Checked if tokens are valid: true, expires at: 1746425459823
[debug] [2025-05-05T05:29:49.376Z] >>> [apiv2][query] POST https://iam.googleapis.com/v1/projects/valluvar-vaasal-app/serviceAccounts/valluvar-vaasal-app@appspot.gserviceaccount.com:testIamPermissions [none]
[debug] [2025-05-05T05:29:49.376Z] >>> [apiv2][body] POST https://iam.googleapis.com/v1/projects/valluvar-vaasal-app/serviceAccounts/valluvar-vaasal-app@appspot.gserviceaccount.com:testIamPermissions {"permissions":["iam.serviceAccounts.actAs"]}
[debug] [2025-05-05T05:29:51.481Z] <<< [apiv2][status] POST https://iam.googleapis.com/v1/projects/valluvar-vaasal-app/serviceAccounts/valluvar-vaasal-app@appspot.gserviceaccount.com:testIamPermissions 200
[debug] [2025-05-05T05:29:51.481Z] <<< [apiv2][body] POST https://iam.googleapis.com/v1/projects/valluvar-vaasal-app/serviceAccounts/valluvar-vaasal-app@appspot.gserviceaccount.com:testIamPermissions {"permissions":["iam.serviceAccounts.actAs"]}
[info] 
[info] === Deploying to 'valluvar-vaasal-app'...
[info] 
[info] i  deploying functions 
[debug] [2025-05-05T05:29:51.483Z] Checked if tokens are valid: true, expires at: 1746425459823
[debug] [2025-05-05T05:29:51.483Z] Checked if tokens are valid: true, expires at: 1746425459823
[debug] [2025-05-05T05:29:51.483Z] >>> [apiv2][query] GET https://cloudresourcemanager.googleapis.com/v1/projects/valluvar-vaasal-app [none]
[debug] [2025-05-05T05:29:51.894Z] <<< [apiv2][status] GET https://cloudresourcemanager.googleapis.com/v1/projects/valluvar-vaasal-app 200
[debug] [2025-05-05T05:29:51.894Z] <<< [apiv2][body] GET https://cloudresourcemanager.googleapis.com/v1/projects/valluvar-vaasal-app {"projectNumber":"903798539312","projectId":"valluvar-vaasal-app","lifecycleState":"ACTIVE","name":"valluvar-vaasal","labels":{"firebase":"enabled","firebase-core":"disabled"},"createTime":"2025-04-02T21:19:21.688594Z"}
[info] i  functions: preparing codebase default for deployment 
[info] i  functions: ensuring required API cloudfunctions.googleapis.com is enabled... 
[debug] [2025-05-05T05:29:51.895Z] Checked if tokens are valid: true, expires at: 1746425459823
[debug] [2025-05-05T05:29:51.895Z] Checked if tokens are valid: true, expires at: 1746425459823
[debug] [2025-05-05T05:29:51.895Z] Checked if tokens are valid: true, expires at: 1746425459823
[debug] [2025-05-05T05:29:51.895Z] Checked if tokens are valid: true, expires at: 1746425459823
[info] i  functions: ensuring required API cloudbuild.googleapis.com is enabled... 
[debug] [2025-05-05T05:29:51.895Z] Checked if tokens are valid: true, expires at: 1746425459823
[debug] [2025-05-05T05:29:51.895Z] Checked if tokens are valid: true, expires at: 1746425459823
[info] i  artifactregistry: ensuring required API artifactregistry.googleapis.com is enabled... 
[debug] [2025-05-05T05:29:51.895Z] Checked if tokens are valid: true, expires at: 1746425459823
[debug] [2025-05-05T05:29:51.895Z] Checked if tokens are valid: true, expires at: 1746425459823
[debug] [2025-05-05T05:29:51.895Z] >>> [apiv2][query] GET https://serviceusage.googleapis.com/v1/projects/valluvar-vaasal-app/services/cloudfunctions.googleapis.com [none]
[debug] [2025-05-05T05:29:51.895Z] >>> [apiv2][(partial)header] GET https://serviceusage.googleapis.com/v1/projects/valluvar-vaasal-app/services/cloudfunctions.googleapis.com x-goog-quota-user=projects/valluvar-vaasal-app
[debug] [2025-05-05T05:29:51.896Z] >>> [apiv2][query] GET https://serviceusage.googleapis.com/v1/projects/valluvar-vaasal-app/services/runtimeconfig.googleapis.com [none]
[debug] [2025-05-05T05:29:51.896Z] >>> [apiv2][(partial)header] GET https://serviceusage.googleapis.com/v1/projects/valluvar-vaasal-app/services/runtimeconfig.googleapis.com x-goog-quota-user=projects/valluvar-vaasal-app
[debug] [2025-05-05T05:29:51.896Z] >>> [apiv2][query] GET https://serviceusage.googleapis.com/v1/projects/valluvar-vaasal-app/services/cloudbuild.googleapis.com [none]
[debug] [2025-05-05T05:29:51.896Z] >>> [apiv2][(partial)header] GET https://serviceusage.googleapis.com/v1/projects/valluvar-vaasal-app/services/cloudbuild.googleapis.com x-goog-quota-user=projects/valluvar-vaasal-app
[debug] [2025-05-05T05:29:51.897Z] >>> [apiv2][query] GET https://serviceusage.googleapis.com/v1/projects/valluvar-vaasal-app/services/artifactregistry.googleapis.com [none]
[debug] [2025-05-05T05:29:51.897Z] >>> [apiv2][(partial)header] GET https://serviceusage.googleapis.com/v1/projects/valluvar-vaasal-app/services/artifactregistry.googleapis.com x-goog-quota-user=projects/valluvar-vaasal-app
[debug] [2025-05-05T05:29:53.814Z] <<< [apiv2][status] GET https://serviceusage.googleapis.com/v1/projects/valluvar-vaasal-app/services/cloudfunctions.googleapis.com 200
[debug] [2025-05-05T05:29:53.814Z] <<< [apiv2][body] GET https://serviceusage.googleapis.com/v1/projects/valluvar-vaasal-app/services/cloudfunctions.googleapis.com [omitted]
[info] ✔  functions: required API cloudfunctions.googleapis.com is enabled 
[debug] [2025-05-05T05:29:53.815Z] <<< [apiv2][status] GET https://serviceusage.googleapis.com/v1/projects/valluvar-vaasal-app/services/artifactregistry.googleapis.com 200
[debug] [2025-05-05T05:29:53.815Z] <<< [apiv2][body] GET https://serviceusage.googleapis.com/v1/projects/valluvar-vaasal-app/services/artifactregistry.googleapis.com [omitted]
[info] ✔  artifactregistry: required API artifactregistry.googleapis.com is enabled 
[debug] [2025-05-05T05:29:53.825Z] <<< [apiv2][status] GET https://serviceusage.googleapis.com/v1/projects/valluvar-vaasal-app/services/runtimeconfig.googleapis.com 200
[debug] [2025-05-05T05:29:53.826Z] <<< [apiv2][body] GET https://serviceusage.googleapis.com/v1/projects/valluvar-vaasal-app/services/runtimeconfig.googleapis.com [omitted]
[debug] [2025-05-05T05:29:53.826Z] <<< [apiv2][status] GET https://serviceusage.googleapis.com/v1/projects/valluvar-vaasal-app/services/cloudbuild.googleapis.com 200
[debug] [2025-05-05T05:29:53.826Z] <<< [apiv2][body] GET https://serviceusage.googleapis.com/v1/projects/valluvar-vaasal-app/services/cloudbuild.googleapis.com [omitted]
[info] ✔  functions: required API cloudbuild.googleapis.com is enabled 
[debug] [2025-05-05T05:29:53.826Z] Checked if tokens are valid: true, expires at: 1746425459823
[debug] [2025-05-05T05:29:53.826Z] Checked if tokens are valid: true, expires at: 1746425459823
[debug] [2025-05-05T05:29:53.826Z] >>> [apiv2][query] GET https://firebase.googleapis.com/v1beta1/projects/valluvar-vaasal-app/adminSdkConfig [none]
[debug] [2025-05-05T05:29:55.473Z] <<< [apiv2][status] GET https://firebase.googleapis.com/v1beta1/projects/valluvar-vaasal-app/adminSdkConfig 200
[debug] [2025-05-05T05:29:55.473Z] <<< [apiv2][body] GET https://firebase.googleapis.com/v1beta1/projects/valluvar-vaasal-app/adminSdkConfig {"projectId":"valluvar-vaasal-app","storageBucket":"valluvar-vaasal-app.firebasestorage.app"}
[debug] [2025-05-05T05:29:55.474Z] Checked if tokens are valid: true, expires at: 1746425459823
[debug] [2025-05-05T05:29:55.474Z] Checked if tokens are valid: true, expires at: 1746425459823
[debug] [2025-05-05T05:29:55.474Z] >>> [apiv2][query] GET https://runtimeconfig.googleapis.com/v1beta1/projects/valluvar-vaasal-app/configs [none]
[debug] [2025-05-05T05:29:56.904Z] <<< [apiv2][status] GET https://runtimeconfig.googleapis.com/v1beta1/projects/valluvar-vaasal-app/configs 200
[debug] [2025-05-05T05:29:56.904Z] <<< [apiv2][body] GET https://runtimeconfig.googleapis.com/v1beta1/projects/valluvar-vaasal-app/configs {}
[debug] [2025-05-05T05:29:56.905Z] Validating nodejs source
[warn] ⚠  functions: Runtime Node.js 18 was deprecated on 2025-04-30 and will be decommissioned on 2025-10-31, after which you will not be able to deploy without upgrading. Consider upgrading now to avoid disruption. See https://cloud.google.com/functions/docs/runtime-support for full details on the lifecycle policy 
[warn] ⚠  functions: package.json indicates an outdated version of firebase-functions. Please upgrade using npm install --save firebase-functions@latest in your functions directory. 
[warn] ⚠  functions: Please note that there will be breaking changes when you upgrade. 
[debug] [2025-05-05T05:29:57.531Z] > [functions] package.json contents: {
  "name": "functions",
  "description": "Cloud Functions for Firebase",
  "scripts": {
    "lint": "eslint .",
    "serve": "firebase emulators:start --only functions",
    "shell": "firebase functions:shell",
    "start": "npm run shell",
    "deploy": "firebase deploy --only functions",
    "logs": "firebase functions:log"
  },
  "engines": {
    "node": "22"
  },
  "main": "index.js",
  "dependencies": {
    "cors": "^2.8.5",
    "firebase-admin": "^12.5.0"
  },
  "devDependencies": {
    "eslint": "^8.15.0",
    "eslint-config-google": "^0.14.0",
    "firebase-functions": "^5.1.0",
    "firebase-functions-test": "^3.1.0",
    "firebase-tools": "^14.2.2"
  },
  "private": true
}
[debug] [2025-05-05T05:29:57.531Z] Building nodejs source
[info] i  functions: Loading and analyzing source code for codebase default to determine what to deploy 
[debug] [2025-05-05T05:29:57.532Z] Could not find functions.yaml. Must use http discovery
[debug] [2025-05-05T05:29:57.537Z] Found firebase-functions binary at '/Users/ayushnanda/Documents/projects/valluvar-vaasal/functions/node_modules/.bin/firebase-functions'
[info] Serving at port 8217

[debug] [2025-05-05T05:29:57.974Z] Got response from /__/functions.yaml {"endpoints":{"checkPhone":{"platform":"gcfv1","labels":{},"availableMemoryMb":null,"timeoutSeconds":null,"minInstances":null,"maxInstances":null,"ingressSettings":null,"serviceAccountEmail":null,"vpc":null,"callableTrigger":{},"entryPoint":"checkPhone"}},"specVersion":"v1alpha1","requiredAPIs":[],"extensions":{}}
[info] i  extensions: ensuring required API firebaseextensions.googleapis.com is enabled... 
[debug] [2025-05-05T05:30:01.988Z] Checked if tokens are valid: true, expires at: 1746425459823
[debug] [2025-05-05T05:30:01.988Z] Checked if tokens are valid: true, expires at: 1746425459823
[debug] [2025-05-05T05:30:01.988Z] >>> [apiv2][query] GET https://serviceusage.googleapis.com/v1/projects/valluvar-vaasal-app/services/firebaseextensions.googleapis.com [none]
[debug] [2025-05-05T05:30:01.988Z] >>> [apiv2][(partial)header] GET https://serviceusage.googleapis.com/v1/projects/valluvar-vaasal-app/services/firebaseextensions.googleapis.com x-goog-quota-user=projects/valluvar-vaasal-app
[debug] [2025-05-05T05:30:03.968Z] <<< [apiv2][status] GET https://serviceusage.googleapis.com/v1/projects/valluvar-vaasal-app/services/firebaseextensions.googleapis.com 200
[debug] [2025-05-05T05:30:03.969Z] <<< [apiv2][body] GET https://serviceusage.googleapis.com/v1/projects/valluvar-vaasal-app/services/firebaseextensions.googleapis.com [omitted]
[info] ✔  extensions: required API firebaseextensions.googleapis.com is enabled 
[debug] [2025-05-05T05:30:03.969Z] > command requires scopes: ["email","openid","https://www.googleapis.com/auth/cloudplatformprojects.readonly","https://www.googleapis.com/auth/firebase","https://www.googleapis.com/auth/cloud-platform"]
[debug] [2025-05-05T05:30:03.969Z] > authorizing via signed-in user (valluvarvaasal@gmail.com)
[debug] [2025-05-05T05:30:03.969Z] [iam] checking project valluvar-vaasal-app for permissions ["firebase.projects.get","firebaseextensions.instances.list"]
[debug] [2025-05-05T05:30:03.969Z] Checked if tokens are valid: true, expires at: 1746425459823
[debug] [2025-05-05T05:30:03.969Z] Checked if tokens are valid: true, expires at: 1746425459823
[debug] [2025-05-05T05:30:03.969Z] >>> [apiv2][query] POST https://cloudresourcemanager.googleapis.com/v1/projects/valluvar-vaasal-app:testIamPermissions [none]
[debug] [2025-05-05T05:30:03.969Z] >>> [apiv2][(partial)header] POST https://cloudresourcemanager.googleapis.com/v1/projects/valluvar-vaasal-app:testIamPermissions x-goog-quota-user=projects/valluvar-vaasal-app
[debug] [2025-05-05T05:30:03.969Z] >>> [apiv2][body] POST https://cloudresourcemanager.googleapis.com/v1/projects/valluvar-vaasal-app:testIamPermissions {"permissions":["firebase.projects.get","firebaseextensions.instances.list"]}
[debug] [2025-05-05T05:30:05.696Z] <<< [apiv2][status] POST https://cloudresourcemanager.googleapis.com/v1/projects/valluvar-vaasal-app:testIamPermissions 200
[debug] [2025-05-05T05:30:05.696Z] <<< [apiv2][body] POST https://cloudresourcemanager.googleapis.com/v1/projects/valluvar-vaasal-app:testIamPermissions {"permissions":["firebase.projects.get","firebaseextensions.instances.list"]}
[debug] [2025-05-05T05:30:05.696Z] Checked if tokens are valid: true, expires at: 1746425459823
[debug] [2025-05-05T05:30:05.696Z] Checked if tokens are valid: true, expires at: 1746425459823
[debug] [2025-05-05T05:30:05.696Z] >>> [apiv2][query] GET https://firebaseextensions.googleapis.com/v1beta/projects/valluvar-vaasal-app/instances pageSize=100&pageToken=
[debug] [2025-05-05T05:30:07.869Z] <<< [apiv2][status] GET https://firebaseextensions.googleapis.com/v1beta/projects/valluvar-vaasal-app/instances 200
[debug] [2025-05-05T05:30:07.870Z] <<< [apiv2][body] GET https://firebaseextensions.googleapis.com/v1beta/projects/valluvar-vaasal-app/instances {}
[info] i  functions: preparing functions directory for uploading... 
[info] i  functions: packaged /Users/ayushnanda/Documents/projects/valluvar-vaasal/functions (82.51 KB) for uploading 
[debug] [2025-05-05T05:30:07.888Z] Checked if tokens are valid: true, expires at: 1746425459823
[debug] [2025-05-05T05:30:07.888Z] Checked if tokens are valid: true, expires at: 1746425459823
[debug] [2025-05-05T05:30:07.888Z] >>> [apiv2][query] GET https://cloudfunctions.googleapis.com/v1/projects/valluvar-vaasal-app/locations/-/functions [none]
[debug] [2025-05-05T05:30:08.857Z] <<< [apiv2][status] GET https://cloudfunctions.googleapis.com/v1/projects/valluvar-vaasal-app/locations/-/functions 200
[debug] [2025-05-05T05:30:08.857Z] <<< [apiv2][body] GET https://cloudfunctions.googleapis.com/v1/projects/valluvar-vaasal-app/locations/-/functions {"functions":[{"name":"projects/valluvar-vaasal-app/locations/us-central1/functions/checkPhone","httpsTrigger":{"url":"https://us-central1-valluvar-vaasal-app.cloudfunctions.net/checkPhone","securityLevel":"SECURE_ALWAYS"},"status":"OFFLINE","entryPoint":"checkPhone","timeout":"60s","availableMemoryMb":256,"serviceAccountEmail":"valluvar-vaasal-app@appspot.gserviceaccount.com","updateTime":"2025-05-05T05:19:33.282729794Z","versionId":"2","labels":{"firebase-functions-hash":"8f4edfd836d4c09b69a211700d8070b9c37c21cc","deployment-tool":"cli-firebase","deployment-callable":"true"},"sourceUploadUrl":"https://storage.googleapis.com/uploads-850543206726.us-central1.cloudfunctions.appspot.com/32fc03ec-6a04-4ef1-93ec-52cc8351c062.zip","environmentVariables":{"FIREBASE_CONFIG":"{\"projectId\":\"valluvar-vaasal-app\",\"storageBucket\":\"valluvar-vaasal-app.firebasestorage.app\"}","GCLOUD_PROJECT":"valluvar-vaasal-app","EVENTARC_CLOUD_EVENT_SOURCE":"projects/valluvar-vaasal-app/locations/us-central1/functions/checkPhone"},"runtime":"nodejs18","ingressSettings":"ALLOW_ALL","buildId":"2acaccf0-5044-414b-b32c-af25def563e4","buildEnvironmentVariables":{"GOOGLE_NODE_RUN_SCRIPTS":""},"buildName":"projects/903798539312/locations/us-central1/builds/2acaccf0-5044-414b-b32c-af25def563e4","dockerRegistry":"ARTIFACT_REGISTRY","automaticUpdatePolicy":{},"buildServiceAccount":"projects/valluvar-vaasal-app/serviceAccounts/903798539312-compute@developer.gserviceaccount.com"}]}
[debug] [2025-05-05T05:30:08.858Z] Checked if tokens are valid: true, expires at: 1746425459823
[debug] [2025-05-05T05:30:08.858Z] Checked if tokens are valid: true, expires at: 1746425459823
[debug] [2025-05-05T05:30:08.858Z] >>> [apiv2][query] GET https://cloudfunctions.googleapis.com/v2/projects/valluvar-vaasal-app/locations/-/functions filter=environment%3D%22GEN_2%22
[debug] [2025-05-05T05:30:10.702Z] <<< [apiv2][status] GET https://cloudfunctions.googleapis.com/v2/projects/valluvar-vaasal-app/locations/-/functions 200
[debug] [2025-05-05T05:30:10.702Z] <<< [apiv2][body] GET https://cloudfunctions.googleapis.com/v2/projects/valluvar-vaasal-app/locations/-/functions {}
[debug] [2025-05-05T05:30:10.704Z] Checked if tokens are valid: true, expires at: 1746425459823
[debug] [2025-05-05T05:30:10.704Z] Checked if tokens are valid: true, expires at: 1746425459823
[debug] [2025-05-05T05:30:10.704Z] >>> [apiv2][query] GET https://cloudresourcemanager.googleapis.com/v1/projects/valluvar-vaasal-app [none]
[debug] [2025-05-05T05:30:12.686Z] <<< [apiv2][status] GET https://cloudresourcemanager.googleapis.com/v1/projects/valluvar-vaasal-app 200
[debug] [2025-05-05T05:30:12.686Z] <<< [apiv2][body] GET https://cloudresourcemanager.googleapis.com/v1/projects/valluvar-vaasal-app {"projectNumber":"903798539312","projectId":"valluvar-vaasal-app","lifecycleState":"ACTIVE","name":"valluvar-vaasal","labels":{"firebase":"enabled","firebase-core":"disabled"},"createTime":"2025-04-02T21:19:21.688594Z"}
[debug] [2025-05-05T05:30:12.688Z] Checked if tokens are valid: true, expires at: 1746425459823
[debug] [2025-05-05T05:30:12.692Z] Checked if tokens are valid: true, expires at: 1746425459823
[debug] [2025-05-05T05:30:12.692Z] >>> [apiv2][query] GET https://cloudbilling.googleapis.com/v1/projects/valluvar-vaasal-app/billingInfo [none]
[debug] [2025-05-05T05:30:14.501Z] <<< [apiv2][status] GET https://cloudbilling.googleapis.com/v1/projects/valluvar-vaasal-app/billingInfo 200
[debug] [2025-05-05T05:30:14.501Z] <<< [apiv2][body] GET https://cloudbilling.googleapis.com/v1/projects/valluvar-vaasal-app/billingInfo {"name":"projects/valluvar-vaasal-app/billingInfo","projectId":"valluvar-vaasal-app","billingAccountName":"billingAccounts/01ADF0-38217E-C79F70","billingEnabled":true}
[debug] [2025-05-05T05:30:14.502Z] Checked if tokens are valid: true, expires at: 1746425459823
[debug] [2025-05-05T05:30:14.502Z] Checked if tokens are valid: true, expires at: 1746425459823
[debug] [2025-05-05T05:30:14.502Z] >>> [apiv2][query] POST https://cloudfunctions.googleapis.com/v1/projects/valluvar-vaasal-app/locations/us-central1/functions:generateUploadUrl [none]
[debug] [2025-05-05T05:30:14.502Z] >>> [apiv2][body] POST https://cloudfunctions.googleapis.com/v1/projects/valluvar-vaasal-app/locations/us-central1/functions:generateUploadUrl {}
[debug] [2025-05-05T05:30:15.354Z] <<< [apiv2][status] POST https://cloudfunctions.googleapis.com/v1/projects/valluvar-vaasal-app/locations/us-central1/functions:generateUploadUrl 200
[debug] [2025-05-05T05:30:15.354Z] <<< [apiv2][body] POST https://cloudfunctions.googleapis.com/v1/projects/valluvar-vaasal-app/locations/us-central1/functions:generateUploadUrl {"uploadUrl":"https://storage.googleapis.com/uploads-850543206726.us-central1.cloudfunctions.appspot.com/7d7591c9-f3d6-495b-99a5-6a6b79b15fee.zip?GoogleAccessId=service-903798539312@gcf-admin-robot.iam.gserviceaccount.com&Expires=1746424815&Signature=HgF0LpfSiddfC0AF86PAlCNecdxqghgHBJUOQIK8ZroKEN3AZ40DnbMDcC7xoDpr7nsADSdGaH3bnq5B0YCT94Sz%2Fdym9QznyB5xp1I7kc8sEBc4oz%2F9qygsB02DohJ2IfOJb2M%2F3kL9DzSQV70yeIcHJHfNsqioOM15ujCSl8oAFzJnmCM8HGYQOCGbnUpkxnus9qWJEz6hqK9BZwTVUcerQIf%2FHL9E7nYVjh0rbyMQC4gIzUHkEc01NmfOdX7UeXL8YS8E5LQi0SRpgDQTBD%2FfMmUTVfdopt8I5kw8DgwxoktVcFqA0bdG4%2FHGcWeHo09r5ihkOS8WePWPRu9eqA%3D%3D"}
[debug] [2025-05-05T05:30:15.355Z] >>> [apiv2][query] PUT https://storage.googleapis.com/uploads-850543206726.us-central1.cloudfunctions.appspot.com/7d7591c9-f3d6-495b-99a5-6a6b79b15fee.zip GoogleAccessId=service-903798539312%40gcf-admin-robot.iam.gserviceaccount.com&Expires=1746424815&Signature=HgF0LpfSiddfC0AF86PAlCNecdxqghgHBJUOQIK8ZroKEN3AZ40DnbMDcC7xoDpr7nsADSdGaH3bnq5B0YCT94Sz%2Fdym9QznyB5xp1I7kc8sEBc4oz%2F9qygsB02DohJ2IfOJb2M%2F3kL9DzSQV70yeIcHJHfNsqioOM15ujCSl8oAFzJnmCM8HGYQOCGbnUpkxnus9qWJEz6hqK9BZwTVUcerQIf%2FHL9E7nYVjh0rbyMQC4gIzUHkEc01NmfOdX7UeXL8YS8E5LQi0SRpgDQTBD%2FfMmUTVfdopt8I5kw8DgwxoktVcFqA0bdG4%2FHGcWeHo09r5ihkOS8WePWPRu9eqA%3D%3D
[debug] [2025-05-05T05:30:15.355Z] >>> [apiv2][body] PUT https://storage.googleapis.com/uploads-850543206726.us-central1.cloudfunctions.appspot.com/7d7591c9-f3d6-495b-99a5-6a6b79b15fee.zip [stream]
[debug] [2025-05-05T05:30:18.035Z] <<< [apiv2][status] PUT https://storage.googleapis.com/uploads-850543206726.us-central1.cloudfunctions.appspot.com/7d7591c9-f3d6-495b-99a5-6a6b79b15fee.zip 200
[debug] [2025-05-05T05:30:18.035Z] <<< [apiv2][body] PUT https://storage.googleapis.com/uploads-850543206726.us-central1.cloudfunctions.appspot.com/7d7591c9-f3d6-495b-99a5-6a6b79b15fee.zip [omitted]
[info] ✔  functions: functions folder uploaded successfully 
[info] i  functions: updating Node.js 18 (1st Gen) function checkPhone(us-central1)... 
[debug] [2025-05-05T05:30:18.037Z] Checked if tokens are valid: true, expires at: 1746425459823
[debug] [2025-05-05T05:30:18.037Z] Checked if tokens are valid: true, expires at: 1746425459823
[debug] [2025-05-05T05:30:18.037Z] >>> [apiv2][query] PATCH https://cloudfunctions.googleapis.com/v1/projects/valluvar-vaasal-app/locations/us-central1/functions/checkPhone updateMask=name%2CsourceUploadUrl%2CentryPoint%2Cruntime%2CdockerRegistry%2Clabels%2ChttpsTrigger.securityLevel%2CminInstances%2CmaxInstances%2CingressSettings%2CenvironmentVariables%2CserviceAccountEmail%2CavailableMemoryMb%2Ctimeout%2CvpcConnector%2CvpcConnectorEgressSettings%2CsourceToken%2CbuildEnvironmentVariables
[debug] [2025-05-05T05:30:18.037Z] >>> [apiv2][body] PATCH https://cloudfunctions.googleapis.com/v1/projects/valluvar-vaasal-app/locations/us-central1/functions/checkPhone {"name":"projects/valluvar-vaasal-app/locations/us-central1/functions/checkPhone","sourceUploadUrl":"https://storage.googleapis.com/uploads-850543206726.us-central1.cloudfunctions.appspot.com/7d7591c9-f3d6-495b-99a5-6a6b79b15fee.zip?GoogleAccessId=service-903798539312@gcf-admin-robot.iam.gserviceaccount.com&Expires=1746424815&Signature=HgF0LpfSiddfC0AF86PAlCNecdxqghgHBJUOQIK8ZroKEN3AZ40DnbMDcC7xoDpr7nsADSdGaH3bnq5B0YCT94Sz%2Fdym9QznyB5xp1I7kc8sEBc4oz%2F9qygsB02DohJ2IfOJb2M%2F3kL9DzSQV70yeIcHJHfNsqioOM15ujCSl8oAFzJnmCM8HGYQOCGbnUpkxnus9qWJEz6hqK9BZwTVUcerQIf%2FHL9E7nYVjh0rbyMQC4gIzUHkEc01NmfOdX7UeXL8YS8E5LQi0SRpgDQTBD%2FfMmUTVfdopt8I5kw8DgwxoktVcFqA0bdG4%2FHGcWeHo09r5ihkOS8WePWPRu9eqA%3D%3D","entryPoint":"checkPhone","runtime":"nodejs18","dockerRegistry":"ARTIFACT_REGISTRY","labels":{"deployment-tool":"cli-firebase","deployment-callable":"true","firebase-functions-hash":"c7f6cae0486a16f700e519913fcc3453bf9e3da6"},"httpsTrigger":{"securityLevel":"SECURE_ALWAYS"},"minInstances":null,"maxInstances":null,"ingressSettings":null,"environmentVariables":{"FIREBASE_CONFIG":"{\"projectId\":\"valluvar-vaasal-app\",\"storageBucket\":\"valluvar-vaasal-app.firebasestorage.app\"}","GCLOUD_PROJECT":"valluvar-vaasal-app","EVENTARC_CLOUD_EVENT_SOURCE":"projects/valluvar-vaasal-app/locations/us-central1/functions/checkPhone"},"serviceAccountEmail":null,"availableMemoryMb":null,"timeout":null,"vpcConnector":null,"vpcConnectorEgressSettings":null,"buildEnvironmentVariables":{"GOOGLE_NODE_RUN_SCRIPTS":""}}
[debug] [2025-05-05T05:30:18.843Z] <<< [apiv2][status] PATCH https://cloudfunctions.googleapis.com/v1/projects/valluvar-vaasal-app/locations/us-central1/functions/checkPhone 200
[debug] [2025-05-05T05:30:18.843Z] <<< [apiv2][body] PATCH https://cloudfunctions.googleapis.com/v1/projects/valluvar-vaasal-app/locations/us-central1/functions/checkPhone {"name":"operations/dmFsbHV2YXItdmFhc2FsLWFwcC91cy1jZW50cmFsMS9jaGVja1Bob25lL0puM3I3UTFJNDBj","metadata":{"@type":"type.googleapis.com/google.cloud.functions.v1.OperationMetadataV1","target":"projects/valluvar-vaasal-app/locations/us-central1/functions/checkPhone","type":"UPDATE_FUNCTION","request":{"@type":"type.googleapis.com/google.cloud.functions.v1.CloudFunction","name":"projects/valluvar-vaasal-app/locations/us-central1/functions/checkPhone","httpsTrigger":{"url":"https://us-central1-valluvar-vaasal-app.cloudfunctions.net/checkPhone","securityLevel":"SECURE_ALWAYS"},"status":"OFFLINE","entryPoint":"checkPhone","updateTime":"2025-05-05T05:19:28.151Z","versionId":"2","labels":{"deployment-tool":"cli-firebase","deployment-callable":"true","firebase-functions-hash":"c7f6cae0486a16f700e519913fcc3453bf9e3da6"},"sourceUploadUrl":"https://storage.googleapis.com/uploads-850543206726.us-central1.cloudfunctions.appspot.com/7d7591c9-f3d6-495b-99a5-6a6b79b15fee.zip?GoogleAccessId=service-903798539312@gcf-admin-robot.iam.gserviceaccount.com&Expires=1746424815&Signature=HgF0LpfSiddfC0AF86PAlCNecdxqghgHBJUOQIK8ZroKEN3AZ40DnbMDcC7xoDpr7nsADSdGaH3bnq5B0YCT94Sz%2Fdym9QznyB5xp1I7kc8sEBc4oz%2F9qygsB02DohJ2IfOJb2M%2F3kL9DzSQV70yeIcHJHfNsqioOM15ujCSl8oAFzJnmCM8HGYQOCGbnUpkxnus9qWJEz6hqK9BZwTVUcerQIf%2FHL9E7nYVjh0rbyMQC4gIzUHkEc01NmfOdX7UeXL8YS8E5LQi0SRpgDQTBD%2FfMmUTVfdopt8I5kw8DgwxoktVcFqA0bdG4%2FHGcWeHo09r5ihkOS8WePWPRu9eqA%3D%3D","environmentVariables":{"FIREBASE_CONFIG":"{\"projectId\":\"valluvar-vaasal-app\",\"storageBucket\":\"valluvar-vaasal-app.firebasestorage.app\"}","GCLOUD_PROJECT":"valluvar-vaasal-app","EVENTARC_CLOUD_EVENT_SOURCE":"projects/valluvar-vaasal-app/locations/us-central1/functions/checkPhone"},"runtime":"nodejs18","buildId":"2acaccf0-5044-414b-b32c-af25def563e4","buildEnvironmentVariables":{"GOOGLE_NODE_RUN_SCRIPTS":""},"buildName":"projects/903798539312/locations/us-central1/builds/2acaccf0-5044-414b-b32c-af25def563e4","dockerRegistry":"ARTIFACT_REGISTRY","automaticUpdatePolicy":{},"buildServiceAccount":"projects/valluvar-vaasal-app/serviceAccounts/903798539312-compute@developer.gserviceaccount.com"},"versionId":"3","updateTime":"2025-05-05T05:30:18Z"}}
[debug] [2025-05-05T05:30:18.844Z] Checked if tokens are valid: true, expires at: 1746425459823
[debug] [2025-05-05T05:30:18.844Z] Checked if tokens are valid: true, expires at: 1746425459823
[debug] [2025-05-05T05:30:18.844Z] >>> [apiv2][query] GET https://cloudfunctions.googleapis.com/v1/operations/dmFsbHV2YXItdmFhc2FsLWFwcC91cy1jZW50cmFsMS9jaGVja1Bob25lL0puM3I3UTFJNDBj [none]
[debug] [2025-05-05T05:30:19.507Z] <<< [apiv2][status] GET https://cloudfunctions.googleapis.com/v1/operations/dmFsbHV2YXItdmFhc2FsLWFwcC91cy1jZW50cmFsMS9jaGVja1Bob25lL0puM3I3UTFJNDBj 200
[debug] [2025-05-05T05:30:19.507Z] <<< [apiv2][body] GET https://cloudfunctions.googleapis.com/v1/operations/dmFsbHV2YXItdmFhc2FsLWFwcC91cy1jZW50cmFsMS9jaGVja1Bob25lL0puM3I3UTFJNDBj {"name":"operations/dmFsbHV2YXItdmFhc2FsLWFwcC91cy1jZW50cmFsMS9jaGVja1Bob25lL0puM3I3UTFJNDBj","metadata":{"@type":"type.googleapis.com/google.cloud.functions.v1.OperationMetadataV1","target":"projects/valluvar-vaasal-app/locations/us-central1/functions/checkPhone","type":"UPDATE_FUNCTION","request":{"@type":"type.googleapis.com/google.cloud.functions.v1.CloudFunction","name":"projects/valluvar-vaasal-app/locations/us-central1/functions/checkPhone","httpsTrigger":{"url":"https://us-central1-valluvar-vaasal-app.cloudfunctions.net/checkPhone","securityLevel":"SECURE_ALWAYS"},"status":"OFFLINE","entryPoint":"checkPhone","updateTime":"2025-05-05T05:19:28.151Z","versionId":"2","labels":{"deployment-tool":"cli-firebase","deployment-callable":"true","firebase-functions-hash":"c7f6cae0486a16f700e519913fcc3453bf9e3da6"},"sourceUploadUrl":"https://storage.googleapis.com/uploads-850543206726.us-central1.cloudfunctions.appspot.com/7d7591c9-f3d6-495b-99a5-6a6b79b15fee.zip?GoogleAccessId=service-903798539312@gcf-admin-robot.iam.gserviceaccount.com&Expires=1746424815&Signature=HgF0LpfSiddfC0AF86PAlCNecdxqghgHBJUOQIK8ZroKEN3AZ40DnbMDcC7xoDpr7nsADSdGaH3bnq5B0YCT94Sz%2Fdym9QznyB5xp1I7kc8sEBc4oz%2F9qygsB02DohJ2IfOJb2M%2F3kL9DzSQV70yeIcHJHfNsqioOM15ujCSl8oAFzJnmCM8HGYQOCGbnUpkxnus9qWJEz6hqK9BZwTVUcerQIf%2FHL9E7nYVjh0rbyMQC4gIzUHkEc01NmfOdX7UeXL8YS8E5LQi0SRpgDQTBD%2FfMmUTVfdopt8I5kw8DgwxoktVcFqA0bdG4%2FHGcWeHo09r5ihkOS8WePWPRu9eqA%3D%3D","environmentVariables":{"FIREBASE_CONFIG":"{\"projectId\":\"valluvar-vaasal-app\",\"storageBucket\":\"valluvar-vaasal-app.firebasestorage.app\"}","GCLOUD_PROJECT":"valluvar-vaasal-app","EVENTARC_CLOUD_EVENT_SOURCE":"projects/valluvar-vaasal-app/locations/us-central1/functions/checkPhone"},"runtime":"nodejs18","buildId":"2acaccf0-5044-414b-b32c-af25def563e4","buildEnvironmentVariables":{"GOOGLE_NODE_RUN_SCRIPTS":""},"buildName":"projects/903798539312/locations/us-central1/builds/2acaccf0-5044-414b-b32c-af25def563e4","dockerRegistry":"ARTIFACT_REGISTRY","automaticUpdatePolicy":{},"buildServiceAccount":"projects/valluvar-vaasal-app/serviceAccounts/903798539312-compute@developer.gserviceaccount.com"},"versionId":"3","updateTime":"2025-05-05T05:30:18Z"}}
[debug] [2025-05-05T05:30:20.008Z] [update-default-us-central1-checkPhone] Retrying task index 0
[debug] [2025-05-05T05:30:20.008Z] Checked if tokens are valid: true, expires at: 1746425459823
[debug] [2025-05-05T05:30:20.009Z] Checked if tokens are valid: true, expires at: 1746425459823
[debug] [2025-05-05T05:30:20.009Z] >>> [apiv2][query] GET https://cloudfunctions.googleapis.com/v1/operations/dmFsbHV2YXItdmFhc2FsLWFwcC91cy1jZW50cmFsMS9jaGVja1Bob25lL0puM3I3UTFJNDBj [none]
[debug] [2025-05-05T05:30:20.576Z] <<< [apiv2][status] GET https://cloudfunctions.googleapis.com/v1/operations/dmFsbHV2YXItdmFhc2FsLWFwcC91cy1jZW50cmFsMS9jaGVja1Bob25lL0puM3I3UTFJNDBj 200
[debug] [2025-05-05T05:30:20.577Z] <<< [apiv2][body] GET https://cloudfunctions.googleapis.com/v1/operations/dmFsbHV2YXItdmFhc2FsLWFwcC91cy1jZW50cmFsMS9jaGVja1Bob25lL0puM3I3UTFJNDBj {"name":"operations/dmFsbHV2YXItdmFhc2FsLWFwcC91cy1jZW50cmFsMS9jaGVja1Bob25lL0puM3I3UTFJNDBj","metadata":{"@type":"type.googleapis.com/google.cloud.functions.v1.OperationMetadataV1","target":"projects/valluvar-vaasal-app/locations/us-central1/functions/checkPhone","type":"UPDATE_FUNCTION","request":{"@type":"type.googleapis.com/google.cloud.functions.v1.CloudFunction","name":"projects/valluvar-vaasal-app/locations/us-central1/functions/checkPhone","httpsTrigger":{"url":"https://us-central1-valluvar-vaasal-app.cloudfunctions.net/checkPhone","securityLevel":"SECURE_ALWAYS"},"status":"OFFLINE","entryPoint":"checkPhone","updateTime":"2025-05-05T05:19:28.151Z","versionId":"2","labels":{"deployment-tool":"cli-firebase","deployment-callable":"true","firebase-functions-hash":"c7f6cae0486a16f700e519913fcc3453bf9e3da6"},"sourceUploadUrl":"https://storage.googleapis.com/uploads-850543206726.us-central1.cloudfunctions.appspot.com/7d7591c9-f3d6-495b-99a5-6a6b79b15fee.zip?GoogleAccessId=service-903798539312@gcf-admin-robot.iam.gserviceaccount.com&Expires=1746424815&Signature=HgF0LpfSiddfC0AF86PAlCNecdxqghgHBJUOQIK8ZroKEN3AZ40DnbMDcC7xoDpr7nsADSdGaH3bnq5B0YCT94Sz%2Fdym9QznyB5xp1I7kc8sEBc4oz%2F9qygsB02DohJ2IfOJb2M%2F3kL9DzSQV70yeIcHJHfNsqioOM15ujCSl8oAFzJnmCM8HGYQOCGbnUpkxnus9qWJEz6hqK9BZwTVUcerQIf%2FHL9E7nYVjh0rbyMQC4gIzUHkEc01NmfOdX7UeXL8YS8E5LQi0SRpgDQTBD%2FfMmUTVfdopt8I5kw8DgwxoktVcFqA0bdG4%2FHGcWeHo09r5ihkOS8WePWPRu9eqA%3D%3D","environmentVariables":{"FIREBASE_CONFIG":"{\"projectId\":\"valluvar-vaasal-app\",\"storageBucket\":\"valluvar-vaasal-app.firebasestorage.app\"}","GCLOUD_PROJECT":"valluvar-vaasal-app","EVENTARC_CLOUD_EVENT_SOURCE":"projects/valluvar-vaasal-app/locations/us-central1/functions/checkPhone"},"runtime":"nodejs18","buildId":"2acaccf0-5044-414b-b32c-af25def563e4","buildEnvironmentVariables":{"GOOGLE_NODE_RUN_SCRIPTS":""},"buildName":"projects/903798539312/locations/us-central1/builds/2acaccf0-5044-414b-b32c-af25def563e4","dockerRegistry":"ARTIFACT_REGISTRY","automaticUpdatePolicy":{},"buildServiceAccount":"projects/valluvar-vaasal-app/serviceAccounts/903798539312-compute@developer.gserviceaccount.com"},"versionId":"3","updateTime":"2025-05-05T05:30:18Z","buildId":"93c171bb-f1a0-4d77-8fbe-ca57d9c04813","buildName":"projects/903798539312/locations/us-central1/builds/93c171bb-f1a0-4d77-8fbe-ca57d9c04813"}}
[debug] [2025-05-05T05:30:21.578Z] [update-default-us-central1-checkPhone] Retrying task index 0
[debug] [2025-05-05T05:30:21.578Z] Checked if tokens are valid: true, expires at: 1746425459823
[debug] [2025-05-05T05:30:21.578Z] Checked if tokens are valid: true, expires at: 1746425459823
[debug] [2025-05-05T05:30:21.578Z] >>> [apiv2][query] GET https://cloudfunctions.googleapis.com/v1/operations/dmFsbHV2YXItdmFhc2FsLWFwcC91cy1jZW50cmFsMS9jaGVja1Bob25lL0puM3I3UTFJNDBj [none]
[debug] [2025-05-05T05:30:22.201Z] <<< [apiv2][status] GET https://cloudfunctions.googleapis.com/v1/operations/dmFsbHV2YXItdmFhc2FsLWFwcC91cy1jZW50cmFsMS9jaGVja1Bob25lL0puM3I3UTFJNDBj 200
[debug] [2025-05-05T05:30:22.201Z] <<< [apiv2][body] GET https://cloudfunctions.googleapis.com/v1/operations/dmFsbHV2YXItdmFhc2FsLWFwcC91cy1jZW50cmFsMS9jaGVja1Bob25lL0puM3I3UTFJNDBj {"name":"operations/dmFsbHV2YXItdmFhc2FsLWFwcC91cy1jZW50cmFsMS9jaGVja1Bob25lL0puM3I3UTFJNDBj","metadata":{"@type":"type.googleapis.com/google.cloud.functions.v1.OperationMetadataV1","target":"projects/valluvar-vaasal-app/locations/us-central1/functions/checkPhone","type":"UPDATE_FUNCTION","request":{"@type":"type.googleapis.com/google.cloud.functions.v1.CloudFunction","name":"projects/valluvar-vaasal-app/locations/us-central1/functions/checkPhone","httpsTrigger":{"url":"https://us-central1-valluvar-vaasal-app.cloudfunctions.net/checkPhone","securityLevel":"SECURE_ALWAYS"},"status":"OFFLINE","entryPoint":"checkPhone","updateTime":"2025-05-05T05:19:28.151Z","versionId":"2","labels":{"deployment-tool":"cli-firebase","deployment-callable":"true","firebase-functions-hash":"c7f6cae0486a16f700e519913fcc3453bf9e3da6"},"sourceUploadUrl":"https://storage.googleapis.com/uploads-850543206726.us-central1.cloudfunctions.appspot.com/7d7591c9-f3d6-495b-99a5-6a6b79b15fee.zip?GoogleAccessId=service-903798539312@gcf-admin-robot.iam.gserviceaccount.com&Expires=1746424815&Signature=HgF0LpfSiddfC0AF86PAlCNecdxqghgHBJUOQIK8ZroKEN3AZ40DnbMDcC7xoDpr7nsADSdGaH3bnq5B0YCT94Sz%2Fdym9QznyB5xp1I7kc8sEBc4oz%2F9qygsB02DohJ2IfOJb2M%2F3kL9DzSQV70yeIcHJHfNsqioOM15ujCSl8oAFzJnmCM8HGYQOCGbnUpkxnus9qWJEz6hqK9BZwTVUcerQIf%2FHL9E7nYVjh0rbyMQC4gIzUHkEc01NmfOdX7UeXL8YS8E5LQi0SRpgDQTBD%2FfMmUTVfdopt8I5kw8DgwxoktVcFqA0bdG4%2FHGcWeHo09r5ihkOS8WePWPRu9eqA%3D%3D","environmentVariables":{"FIREBASE_CONFIG":"{\"projectId\":\"valluvar-vaasal-app\",\"storageBucket\":\"valluvar-vaasal-app.firebasestorage.app\"}","GCLOUD_PROJECT":"valluvar-vaasal-app","EVENTARC_CLOUD_EVENT_SOURCE":"projects/valluvar-vaasal-app/locations/us-central1/functions/checkPhone"},"runtime":"nodejs18","buildId":"2acaccf0-5044-414b-b32c-af25def563e4","buildEnvironmentVariables":{"GOOGLE_NODE_RUN_SCRIPTS":""},"buildName":"projects/903798539312/locations/us-central1/builds/2acaccf0-5044-414b-b32c-af25def563e4","dockerRegistry":"ARTIFACT_REGISTRY","automaticUpdatePolicy":{},"buildServiceAccount":"projects/valluvar-vaasal-app/serviceAccounts/903798539312-compute@developer.gserviceaccount.com"},"versionId":"3","updateTime":"2025-05-05T05:30:18Z","buildId":"93c171bb-f1a0-4d77-8fbe-ca57d9c04813","buildName":"projects/903798539312/locations/us-central1/builds/93c171bb-f1a0-4d77-8fbe-ca57d9c04813"}}
[debug] [2025-05-05T05:30:24.201Z] [update-default-us-central1-checkPhone] Retrying task index 0
[debug] [2025-05-05T05:30:24.201Z] Checked if tokens are valid: true, expires at: 1746425459823
[debug] [2025-05-05T05:30:24.202Z] Checked if tokens are valid: true, expires at: 1746425459823
[debug] [2025-05-05T05:30:24.202Z] >>> [apiv2][query] GET https://cloudfunctions.googleapis.com/v1/operations/dmFsbHV2YXItdmFhc2FsLWFwcC91cy1jZW50cmFsMS9jaGVja1Bob25lL0puM3I3UTFJNDBj [none]
[debug] [2025-05-05T05:30:24.728Z] <<< [apiv2][status] GET https://cloudfunctions.googleapis.com/v1/operations/dmFsbHV2YXItdmFhc2FsLWFwcC91cy1jZW50cmFsMS9jaGVja1Bob25lL0puM3I3UTFJNDBj 200
[debug] [2025-05-05T05:30:24.729Z] <<< [apiv2][body] GET https://cloudfunctions.googleapis.com/v1/operations/dmFsbHV2YXItdmFhc2FsLWFwcC91cy1jZW50cmFsMS9jaGVja1Bob25lL0puM3I3UTFJNDBj {"name":"operations/dmFsbHV2YXItdmFhc2FsLWFwcC91cy1jZW50cmFsMS9jaGVja1Bob25lL0puM3I3UTFJNDBj","metadata":{"@type":"type.googleapis.com/google.cloud.functions.v1.OperationMetadataV1","target":"projects/valluvar-vaasal-app/locations/us-central1/functions/checkPhone","type":"UPDATE_FUNCTION","request":{"@type":"type.googleapis.com/google.cloud.functions.v1.CloudFunction","name":"projects/valluvar-vaasal-app/locations/us-central1/functions/checkPhone","httpsTrigger":{"url":"https://us-central1-valluvar-vaasal-app.cloudfunctions.net/checkPhone","securityLevel":"SECURE_ALWAYS"},"status":"OFFLINE","entryPoint":"checkPhone","updateTime":"2025-05-05T05:19:28.151Z","versionId":"2","labels":{"deployment-tool":"cli-firebase","deployment-callable":"true","firebase-functions-hash":"c7f6cae0486a16f700e519913fcc3453bf9e3da6"},"sourceUploadUrl":"https://storage.googleapis.com/uploads-850543206726.us-central1.cloudfunctions.appspot.com/7d7591c9-f3d6-495b-99a5-6a6b79b15fee.zip?GoogleAccessId=service-903798539312@gcf-admin-robot.iam.gserviceaccount.com&Expires=1746424815&Signature=HgF0LpfSiddfC0AF86PAlCNecdxqghgHBJUOQIK8ZroKEN3AZ40DnbMDcC7xoDpr7nsADSdGaH3bnq5B0YCT94Sz%2Fdym9QznyB5xp1I7kc8sEBc4oz%2F9qygsB02DohJ2IfOJb2M%2F3kL9DzSQV70yeIcHJHfNsqioOM15ujCSl8oAFzJnmCM8HGYQOCGbnUpkxnus9qWJEz6hqK9BZwTVUcerQIf%2FHL9E7nYVjh0rbyMQC4gIzUHkEc01NmfOdX7UeXL8YS8E5LQi0SRpgDQTBD%2FfMmUTVfdopt8I5kw8DgwxoktVcFqA0bdG4%2FHGcWeHo09r5ihkOS8WePWPRu9eqA%3D%3D","environmentVariables":{"FIREBASE_CONFIG":"{\"projectId\":\"valluvar-vaasal-app\",\"storageBucket\":\"valluvar-vaasal-app.firebasestorage.app\"}","GCLOUD_PROJECT":"valluvar-vaasal-app","EVENTARC_CLOUD_EVENT_SOURCE":"projects/valluvar-vaasal-app/locations/us-central1/functions/checkPhone"},"runtime":"nodejs18","buildId":"2acaccf0-5044-414b-b32c-af25def563e4","buildEnvironmentVariables":{"GOOGLE_NODE_RUN_SCRIPTS":""},"buildName":"projects/903798539312/locations/us-central1/builds/2acaccf0-5044-414b-b32c-af25def563e4","dockerRegistry":"ARTIFACT_REGISTRY","automaticUpdatePolicy":{},"buildServiceAccount":"projects/valluvar-vaasal-app/serviceAccounts/903798539312-compute@developer.gserviceaccount.com"},"versionId":"3","updateTime":"2025-05-05T05:30:18Z","buildId":"93c171bb-f1a0-4d77-8fbe-ca57d9c04813","buildName":"projects/903798539312/locations/us-central1/builds/93c171bb-f1a0-4d77-8fbe-ca57d9c04813"}}
[debug] [2025-05-05T05:30:28.730Z] [update-default-us-central1-checkPhone] Retrying task index 0
[debug] [2025-05-05T05:30:28.730Z] Checked if tokens are valid: true, expires at: 1746425459823
[debug] [2025-05-05T05:30:28.730Z] Checked if tokens are valid: true, expires at: 1746425459823
[debug] [2025-05-05T05:30:28.731Z] >>> [apiv2][query] GET https://cloudfunctions.googleapis.com/v1/operations/dmFsbHV2YXItdmFhc2FsLWFwcC91cy1jZW50cmFsMS9jaGVja1Bob25lL0puM3I3UTFJNDBj [none]
[debug] [2025-05-05T05:30:29.309Z] <<< [apiv2][status] GET https://cloudfunctions.googleapis.com/v1/operations/dmFsbHV2YXItdmFhc2FsLWFwcC91cy1jZW50cmFsMS9jaGVja1Bob25lL0puM3I3UTFJNDBj 200
[debug] [2025-05-05T05:30:29.309Z] <<< [apiv2][body] GET https://cloudfunctions.googleapis.com/v1/operations/dmFsbHV2YXItdmFhc2FsLWFwcC91cy1jZW50cmFsMS9jaGVja1Bob25lL0puM3I3UTFJNDBj {"name":"operations/dmFsbHV2YXItdmFhc2FsLWFwcC91cy1jZW50cmFsMS9jaGVja1Bob25lL0puM3I3UTFJNDBj","metadata":{"@type":"type.googleapis.com/google.cloud.functions.v1.OperationMetadataV1","target":"projects/valluvar-vaasal-app/locations/us-central1/functions/checkPhone","type":"UPDATE_FUNCTION","request":{"@type":"type.googleapis.com/google.cloud.functions.v1.CloudFunction","name":"projects/valluvar-vaasal-app/locations/us-central1/functions/checkPhone","httpsTrigger":{"url":"https://us-central1-valluvar-vaasal-app.cloudfunctions.net/checkPhone","securityLevel":"SECURE_ALWAYS"},"status":"OFFLINE","entryPoint":"checkPhone","updateTime":"2025-05-05T05:19:28.151Z","versionId":"2","labels":{"deployment-tool":"cli-firebase","deployment-callable":"true","firebase-functions-hash":"c7f6cae0486a16f700e519913fcc3453bf9e3da6"},"sourceUploadUrl":"https://storage.googleapis.com/uploads-850543206726.us-central1.cloudfunctions.appspot.com/7d7591c9-f3d6-495b-99a5-6a6b79b15fee.zip?GoogleAccessId=service-903798539312@gcf-admin-robot.iam.gserviceaccount.com&Expires=1746424815&Signature=HgF0LpfSiddfC0AF86PAlCNecdxqghgHBJUOQIK8ZroKEN3AZ40DnbMDcC7xoDpr7nsADSdGaH3bnq5B0YCT94Sz%2Fdym9QznyB5xp1I7kc8sEBc4oz%2F9qygsB02DohJ2IfOJb2M%2F3kL9DzSQV70yeIcHJHfNsqioOM15ujCSl8oAFzJnmCM8HGYQOCGbnUpkxnus9qWJEz6hqK9BZwTVUcerQIf%2FHL9E7nYVjh0rbyMQC4gIzUHkEc01NmfOdX7UeXL8YS8E5LQi0SRpgDQTBD%2FfMmUTVfdopt8I5kw8DgwxoktVcFqA0bdG4%2FHGcWeHo09r5ihkOS8WePWPRu9eqA%3D%3D","environmentVariables":{"FIREBASE_CONFIG":"{\"projectId\":\"valluvar-vaasal-app\",\"storageBucket\":\"valluvar-vaasal-app.firebasestorage.app\"}","GCLOUD_PROJECT":"valluvar-vaasal-app","EVENTARC_CLOUD_EVENT_SOURCE":"projects/valluvar-vaasal-app/locations/us-central1/functions/checkPhone"},"runtime":"nodejs18","buildId":"2acaccf0-5044-414b-b32c-af25def563e4","buildEnvironmentVariables":{"GOOGLE_NODE_RUN_SCRIPTS":""},"buildName":"projects/903798539312/locations/us-central1/builds/2acaccf0-5044-414b-b32c-af25def563e4","dockerRegistry":"ARTIFACT_REGISTRY","automaticUpdatePolicy":{},"buildServiceAccount":"projects/valluvar-vaasal-app/serviceAccounts/903798539312-compute@developer.gserviceaccount.com"},"versionId":"3","updateTime":"2025-05-05T05:30:18Z","buildId":"93c171bb-f1a0-4d77-8fbe-ca57d9c04813","buildName":"projects/903798539312/locations/us-central1/builds/93c171bb-f1a0-4d77-8fbe-ca57d9c04813"}}
[debug] [2025-05-05T05:30:37.311Z] [update-default-us-central1-checkPhone] Retrying task index 0
[debug] [2025-05-05T05:30:37.311Z] Checked if tokens are valid: true, expires at: 1746425459823
[debug] [2025-05-05T05:30:37.311Z] Checked if tokens are valid: true, expires at: 1746425459823
[debug] [2025-05-05T05:30:37.311Z] >>> [apiv2][query] GET https://cloudfunctions.googleapis.com/v1/operations/dmFsbHV2YXItdmFhc2FsLWFwcC91cy1jZW50cmFsMS9jaGVja1Bob25lL0puM3I3UTFJNDBj [none]
[debug] [2025-05-05T05:30:38.176Z] <<< [apiv2][status] GET https://cloudfunctions.googleapis.com/v1/operations/dmFsbHV2YXItdmFhc2FsLWFwcC91cy1jZW50cmFsMS9jaGVja1Bob25lL0puM3I3UTFJNDBj 200
[debug] [2025-05-05T05:30:38.176Z] <<< [apiv2][body] GET https://cloudfunctions.googleapis.com/v1/operations/dmFsbHV2YXItdmFhc2FsLWFwcC91cy1jZW50cmFsMS9jaGVja1Bob25lL0puM3I3UTFJNDBj {"name":"operations/dmFsbHV2YXItdmFhc2FsLWFwcC91cy1jZW50cmFsMS9jaGVja1Bob25lL0puM3I3UTFJNDBj","metadata":{"@type":"type.googleapis.com/google.cloud.functions.v1.OperationMetadataV1","target":"projects/valluvar-vaasal-app/locations/us-central1/functions/checkPhone","type":"UPDATE_FUNCTION","request":{"@type":"type.googleapis.com/google.cloud.functions.v1.CloudFunction","name":"projects/valluvar-vaasal-app/locations/us-central1/functions/checkPhone","httpsTrigger":{"url":"https://us-central1-valluvar-vaasal-app.cloudfunctions.net/checkPhone","securityLevel":"SECURE_ALWAYS"},"status":"OFFLINE","entryPoint":"checkPhone","updateTime":"2025-05-05T05:19:28.151Z","versionId":"2","labels":{"deployment-tool":"cli-firebase","deployment-callable":"true","firebase-functions-hash":"c7f6cae0486a16f700e519913fcc3453bf9e3da6"},"sourceUploadUrl":"https://storage.googleapis.com/uploads-850543206726.us-central1.cloudfunctions.appspot.com/7d7591c9-f3d6-495b-99a5-6a6b79b15fee.zip?GoogleAccessId=service-903798539312@gcf-admin-robot.iam.gserviceaccount.com&Expires=1746424815&Signature=HgF0LpfSiddfC0AF86PAlCNecdxqghgHBJUOQIK8ZroKEN3AZ40DnbMDcC7xoDpr7nsADSdGaH3bnq5B0YCT94Sz%2Fdym9QznyB5xp1I7kc8sEBc4oz%2F9qygsB02DohJ2IfOJb2M%2F3kL9DzSQV70yeIcHJHfNsqioOM15ujCSl8oAFzJnmCM8HGYQOCGbnUpkxnus9qWJEz6hqK9BZwTVUcerQIf%2FHL9E7nYVjh0rbyMQC4gIzUHkEc01NmfOdX7UeXL8YS8E5LQi0SRpgDQTBD%2FfMmUTVfdopt8I5kw8DgwxoktVcFqA0bdG4%2FHGcWeHo09r5ihkOS8WePWPRu9eqA%3D%3D","environmentVariables":{"FIREBASE_CONFIG":"{\"projectId\":\"valluvar-vaasal-app\",\"storageBucket\":\"valluvar-vaasal-app.firebasestorage.app\"}","GCLOUD_PROJECT":"valluvar-vaasal-app","EVENTARC_CLOUD_EVENT_SOURCE":"projects/valluvar-vaasal-app/locations/us-central1/functions/checkPhone"},"runtime":"nodejs18","buildId":"2acaccf0-5044-414b-b32c-af25def563e4","buildEnvironmentVariables":{"GOOGLE_NODE_RUN_SCRIPTS":""},"buildName":"projects/903798539312/locations/us-central1/builds/2acaccf0-5044-414b-b32c-af25def563e4","dockerRegistry":"ARTIFACT_REGISTRY","automaticUpdatePolicy":{},"buildServiceAccount":"projects/valluvar-vaasal-app/serviceAccounts/903798539312-compute@developer.gserviceaccount.com"},"versionId":"3","updateTime":"2025-05-05T05:30:18Z","buildId":"93c171bb-f1a0-4d77-8fbe-ca57d9c04813","buildName":"projects/903798539312/locations/us-central1/builds/93c171bb-f1a0-4d77-8fbe-ca57d9c04813"}}
[debug] [2025-05-05T05:30:48.177Z] [update-default-us-central1-checkPhone] Retrying task index 0
[debug] [2025-05-05T05:30:48.178Z] Checked if tokens are valid: true, expires at: 1746425459823
[debug] [2025-05-05T05:30:48.178Z] Checked if tokens are valid: true, expires at: 1746425459823
[debug] [2025-05-05T05:30:48.178Z] >>> [apiv2][query] GET https://cloudfunctions.googleapis.com/v1/operations/dmFsbHV2YXItdmFhc2FsLWFwcC91cy1jZW50cmFsMS9jaGVja1Bob25lL0puM3I3UTFJNDBj [none]
[debug] [2025-05-05T05:30:49.235Z] <<< [apiv2][status] GET https://cloudfunctions.googleapis.com/v1/operations/dmFsbHV2YXItdmFhc2FsLWFwcC91cy1jZW50cmFsMS9jaGVja1Bob25lL0puM3I3UTFJNDBj 200
[debug] [2025-05-05T05:30:49.235Z] <<< [apiv2][body] GET https://cloudfunctions.googleapis.com/v1/operations/dmFsbHV2YXItdmFhc2FsLWFwcC91cy1jZW50cmFsMS9jaGVja1Bob25lL0puM3I3UTFJNDBj {"name":"operations/dmFsbHV2YXItdmFhc2FsLWFwcC91cy1jZW50cmFsMS9jaGVja1Bob25lL0puM3I3UTFJNDBj","metadata":{"@type":"type.googleapis.com/google.cloud.functions.v1.OperationMetadataV1","target":"projects/valluvar-vaasal-app/locations/us-central1/functions/checkPhone","type":"UPDATE_FUNCTION","request":{"@type":"type.googleapis.com/google.cloud.functions.v1.CloudFunction","name":"projects/valluvar-vaasal-app/locations/us-central1/functions/checkPhone","httpsTrigger":{"url":"https://us-central1-valluvar-vaasal-app.cloudfunctions.net/checkPhone","securityLevel":"SECURE_ALWAYS"},"status":"OFFLINE","entryPoint":"checkPhone","updateTime":"2025-05-05T05:19:28.151Z","versionId":"2","labels":{"deployment-tool":"cli-firebase","deployment-callable":"true","firebase-functions-hash":"c7f6cae0486a16f700e519913fcc3453bf9e3da6"},"sourceUploadUrl":"https://storage.googleapis.com/uploads-850543206726.us-central1.cloudfunctions.appspot.com/7d7591c9-f3d6-495b-99a5-6a6b79b15fee.zip?GoogleAccessId=service-903798539312@gcf-admin-robot.iam.gserviceaccount.com&Expires=1746424815&Signature=HgF0LpfSiddfC0AF86PAlCNecdxqghgHBJUOQIK8ZroKEN3AZ40DnbMDcC7xoDpr7nsADSdGaH3bnq5B0YCT94Sz%2Fdym9QznyB5xp1I7kc8sEBc4oz%2F9qygsB02DohJ2IfOJb2M%2F3kL9DzSQV70yeIcHJHfNsqioOM15ujCSl8oAFzJnmCM8HGYQOCGbnUpkxnus9qWJEz6hqK9BZwTVUcerQIf%2FHL9E7nYVjh0rbyMQC4gIzUHkEc01NmfOdX7UeXL8YS8E5LQi0SRpgDQTBD%2FfMmUTVfdopt8I5kw8DgwxoktVcFqA0bdG4%2FHGcWeHo09r5ihkOS8WePWPRu9eqA%3D%3D","environmentVariables":{"FIREBASE_CONFIG":"{\"projectId\":\"valluvar-vaasal-app\",\"storageBucket\":\"valluvar-vaasal-app.firebasestorage.app\"}","GCLOUD_PROJECT":"valluvar-vaasal-app","EVENTARC_CLOUD_EVENT_SOURCE":"projects/valluvar-vaasal-app/locations/us-central1/functions/checkPhone"},"runtime":"nodejs18","buildId":"2acaccf0-5044-414b-b32c-af25def563e4","buildEnvironmentVariables":{"GOOGLE_NODE_RUN_SCRIPTS":""},"buildName":"projects/903798539312/locations/us-central1/builds/2acaccf0-5044-414b-b32c-af25def563e4","dockerRegistry":"ARTIFACT_REGISTRY","automaticUpdatePolicy":{},"buildServiceAccount":"projects/valluvar-vaasal-app/serviceAccounts/903798539312-compute@developer.gserviceaccount.com"},"versionId":"3","updateTime":"2025-05-05T05:30:42Z","buildId":"93c171bb-f1a0-4d77-8fbe-ca57d9c04813","buildName":"projects/903798539312/locations/us-central1/builds/93c171bb-f1a0-4d77-8fbe-ca57d9c04813"},"done":true,"error":{"code":3,"message":"Build failed: yarn install v1.22.22\n[1/5] Validating package.json...\nerror functions@: The engine \"node\" is incompatible with this module. Expected version \"22\". Got \"18.20.8\"\nerror Found incompatible module.\ninfo Visit https://yarnpkg.com/en/docs/cli/install for documentation about this command.; Error ID: 12c8ef4a"}}
[debug] [2025-05-05T05:30:49.235Z] Got source token undefined for region us-central1
[error] Build failed: yarn install v1.22.22
[1/5] Validating package.json...
error functions@: The engine "node" is incompatible with this module. Expected version "22". Got "18.20.8"
error Found incompatible module.
info Visit https://yarnpkg.com/en/docs/cli/install for documentation about this command.; Error ID: 12c8ef4a
[debug] [2025-05-05T05:30:49.236Z] Total Function Deployment time: 31199
[debug] [2025-05-05T05:30:49.237Z] 1 Functions Deployed
[debug] [2025-05-05T05:30:49.237Z] 1 Functions Errored
[debug] [2025-05-05T05:30:49.237Z] 0 Function Deployments Aborted
[debug] [2025-05-05T05:30:49.237Z] Average Function Deployment time: 31199
[info] 
[info] Functions deploy had errors with the following functions:
	checkPhone(us-central1)
[debug] [2025-05-05T05:30:49.237Z] Checked if tokens are valid: true, expires at: 1746425459823
[debug] [2025-05-05T05:30:49.237Z] Checked if tokens are valid: true, expires at: 1746425459823
[debug] [2025-05-05T05:30:49.237Z] >>> [apiv2][query] GET https://artifactregistry.googleapis.com/v1/projects/valluvar-vaasal-app/locations/us-central1/repositories/gcf-artifacts [none]
[debug] [2025-05-05T05:30:51.076Z] <<< [apiv2][status] GET https://artifactregistry.googleapis.com/v1/projects/valluvar-vaasal-app/locations/us-central1/repositories/gcf-artifacts 200
[debug] [2025-05-05T05:30:51.076Z] <<< [apiv2][body] GET https://artifactregistry.googleapis.com/v1/projects/valluvar-vaasal-app/locations/us-central1/repositories/gcf-artifacts {"name":"projects/valluvar-vaasal-app/locations/us-central1/repositories/gcf-artifacts","format":"DOCKER","description":"This repository is created and used by Cloud Functions for storing function docker images.","labels":{"goog-managed-by":"cloudfunctions"},"createTime":"2025-05-05T05:18:59.618743Z","updateTime":"2025-05-05T05:20:15.431078Z","mode":"STANDARD_REPOSITORY","cleanupPolicies":{"firebase-functions-cleanup":{"id":"firebase-functions-cleanup","action":"DELETE","condition":{"tagState":"ANY","olderThan":"86400s"}}},"vulnerabilityScanningConfig":{"lastEnableTime":"2025-05-05T05:18:44.381544881Z","enablementState":"SCANNING_DISABLED","enablementStateReason":"API containerscanning.googleapis.com is not enabled."},"satisfiesPzi":true,"registryUri":"us-central1-docker.pkg.dev/valluvar-vaasal-app/gcf-artifacts"}
[debug] [2025-05-05T05:30:51.076Z] Functions deploy failed.
[debug] [2025-05-05T05:30:51.076Z] {
  "endpoint": {
    "id": "checkPhone",
    "project": "valluvar-vaasal-app",
    "region": "us-central1",
    "entryPoint": "checkPhone",
    "platform": "gcfv1",
    "runtime": "nodejs18",
    "callableTrigger": {},
    "labels": {
      "deployment-tool": "cli-firebase"
    },
    "serviceAccount": null,
    "ingressSettings": null,
    "availableMemoryMb": null,
    "timeoutSeconds": null,
    "maxInstances": null,
    "minInstances": null,
    "vpc": null,
    "environmentVariables": {
      "FIREBASE_CONFIG": "{\"projectId\":\"valluvar-vaasal-app\",\"storageBucket\":\"valluvar-vaasal-app.firebasestorage.app\"}",
      "GCLOUD_PROJECT": "valluvar-vaasal-app",
      "EVENTARC_CLOUD_EVENT_SOURCE": "projects/valluvar-vaasal-app/locations/us-central1/functions/checkPhone"
    },
    "codebase": "default",
    "securityLevel": "SECURE_ALWAYS",
    "targetedByOnly": false,
    "hash": "c7f6cae0486a16f700e519913fcc3453bf9e3da6"
  },
  "op": "update",
  "original": {
    "name": "FirebaseError",
    "children": [],
    "exit": 1,
    "message": "Build failed: yarn install v1.22.22\n[1/5] Validating package.json...\nerror functions@: The engine \"node\" is incompatible with this module. Expected version \"22\". Got \"18.20.8\"\nerror Found incompatible module.\ninfo Visit https://yarnpkg.com/en/docs/cli/install for documentation about this command.; Error ID: 12c8ef4a",
    "original": {
      "code": 3,
      "message": "Build failed: yarn install v1.22.22\n[1/5] Validating package.json...\nerror functions@: The engine \"node\" is incompatible with this module. Expected version \"22\". Got \"18.20.8\"\nerror Found incompatible module.\ninfo Visit https://yarnpkg.com/en/docs/cli/install for documentation about this command.; Error ID: 12c8ef4a"
    },
    "status": 3,
    "code": 3
  }
}
[debug] [2025-05-05T05:30:51.077Z] Error: Failed to update function checkPhone in region us-central1
    at /Users/ayushnanda/.nvm/versions/node/v22.12.0/lib/node_modules/firebase-tools/lib/deploy/functions/release/fabricator.js:52:11
    at process.processTicksAndRejections (node:internal/process/task_queues:105:5)
    at async Fabricator.updateV1Function (/Users/ayushnanda/.nvm/versions/node/v22.12.0/lib/node_modules/firebase-tools/lib/deploy/functions/release/fabricator.js:352:32)
    at async Fabricator.updateEndpoint (/Users/ayushnanda/.nvm/versions/node/v22.12.0/lib/node_modules/firebase-tools/lib/deploy/functions/release/fabricator.js:152:13)
    at async handle (/Users/ayushnanda/.nvm/versions/node/v22.12.0/lib/node_modules/firebase-tools/lib/deploy/functions/release/fabricator.js:89:17)
[error] 
[error] Error: There was an error deploying functions
